

Microchip MPLAB XC8 Assembler V2.31 build 20201012212115 
                                                                                               Thu Jun 03 22:21:20 2021

Microchip MPLAB XC8 C Compiler v2.31 (Free license) build 20201012212115 Og1 
     1                           	processor	16F887
     2                           	pagewidth 120
     3                           	opt	flic
     4                           	psect	idataCOMMON,global,class=CODE,delta=2,noexec
     5                           	psect	cinit,global,class=CODE,merge=1,delta=2
     6                           	psect	bssCOMMON,global,class=COMMON,space=1,delta=1,noexec
     7                           	psect	dataCOMMON,global,class=COMMON,space=1,delta=1,noexec
     8                           	psect	bssBANK0,global,class=BANK0,space=1,delta=1,noexec
     9                           	psect	cstackCOMMON,global,class=COMMON,space=1,delta=1,noexec
    10                           	psect	cstackBANK0,global,class=BANK0,space=1,delta=1,noexec
    11                           	psect	maintext,global,class=CODE,split=1,delta=2
    12                           	psect	text1,local,class=CODE,merge=1,delta=2
    13                           	psect	intentry,global,class=CODE,delta=2
    14                           	psect	text2,local,class=CODE,merge=1,delta=2
    15                           	psect	config,global,abs,ovrld,class=CONFIG,space=4,delta=2,noexec
    16                           	dabs	1,0x7E,2
    17  0000                     
    18                           ; Version 2.20
    19                           ; Generated 12/02/2020 GMT
    20                           ; 
    21                           ; Copyright © 2020, Microchip Technology Inc. and its subsidiaries ("Microchip")
    22                           ; All rights reserved.
    23                           ; 
    24                           ; This software is developed by Microchip Technology Inc. and its subsidiaries ("Microch
      +                          ip").
    25                           ; 
    26                           ; Redistribution and use in source and binary forms, with or without modification, are
    27                           ; permitted provided that the following conditions are met:
    28                           ; 
    29                           ;     1. Redistributions of source code must retain the above copyright notice, this lis
      +                          t of
    30                           ;        conditions and the following disclaimer.
    31                           ; 
    32                           ;     2. Redistributions in binary form must reproduce the above copyright notice, this 
      +                          list
    33                           ;        of conditions and the following disclaimer in the documentation and/or other
    34                           ;        materials provided with the distribution.
    35                           ; 
    36                           ;     3. Microchip's name may not be used to endorse or promote products derived from th
      +                          is
    37                           ;        software without specific prior written permission.
    38                           ; 
    39                           ; THIS SOFTWARE IS PROVIDED BY MICROCHIP "AS IS" AND ANY EXPRESS OR IMPLIED WARRANTIES,
    40                           ; INCLUDING, BUT NOT LIMITED TO, THE IMPLIED WARRANTIES OF MERCHANTABILITY AND FITNESS F
      +                          OR
    41                           ; PURPOSE ARE DISCLAIMED.  IN NO EVENT SHALL MICROCHIP BE LIABLE FOR ANY DIRECT, INDIREC
      +                          T,
    42                           ; INCIDENTAL, SPECIAL, EXEMPLARY, OR CONSEQUENTIAL DAMAGES (INCLUDING BUT NOT LIMITED TO
    43                           ; PROCUREMENT OF SUBSTITUTE GOODS OR SERVICES; LOSS OF USE, DATA OR PROFITS; OR BUSINESS
    44                           ; INTERRUPTION) HOWSOEVER CAUSED AND ON ANY THEORY OF LIABILITY, WHETHER IN CONTRACT, ST
      +                          RICT
    45                           ; LIABILITY, OR TORT (INCLUDING NEGLIGENCE OR OTHERWISE) ARISING IN ANY WAY OUT OF THE U
      +                          SE OF
    46                           ; THIS SOFTWARE, EVEN IF ADVISED OF THE POSSIBILITY OF SUCH DAMAGE.
    47                           ; 
    48                           ; 
    49                           ; Code-generator required, PIC16F887 Definitions
    50                           ; 
    51                           ; SFR Addresses
    52  0000                     	;# 
    53  0001                     	;# 
    54  0002                     	;# 
    55  0003                     	;# 
    56  0004                     	;# 
    57  0005                     	;# 
    58  0006                     	;# 
    59  0007                     	;# 
    60  0008                     	;# 
    61  0009                     	;# 
    62  000A                     	;# 
    63  000B                     	;# 
    64  000C                     	;# 
    65  000D                     	;# 
    66  000E                     	;# 
    67  000E                     	;# 
    68  000F                     	;# 
    69  0010                     	;# 
    70  0011                     	;# 
    71  0012                     	;# 
    72  0013                     	;# 
    73  0014                     	;# 
    74  0015                     	;# 
    75  0015                     	;# 
    76  0016                     	;# 
    77  0017                     	;# 
    78  0018                     	;# 
    79  0019                     	;# 
    80  001A                     	;# 
    81  001B                     	;# 
    82  001B                     	;# 
    83  001C                     	;# 
    84  001D                     	;# 
    85  001E                     	;# 
    86  001F                     	;# 
    87  0081                     	;# 
    88  0085                     	;# 
    89  0086                     	;# 
    90  0087                     	;# 
    91  0088                     	;# 
    92  0089                     	;# 
    93  008C                     	;# 
    94  008D                     	;# 
    95  008E                     	;# 
    96  008F                     	;# 
    97  0090                     	;# 
    98  0091                     	;# 
    99  0092                     	;# 
   100  0093                     	;# 
   101  0093                     	;# 
   102  0093                     	;# 
   103  0094                     	;# 
   104  0095                     	;# 
   105  0096                     	;# 
   106  0097                     	;# 
   107  0098                     	;# 
   108  0099                     	;# 
   109  009A                     	;# 
   110  009B                     	;# 
   111  009C                     	;# 
   112  009D                     	;# 
   113  009E                     	;# 
   114  009F                     	;# 
   115  0105                     	;# 
   116  0107                     	;# 
   117  0108                     	;# 
   118  0109                     	;# 
   119  010C                     	;# 
   120  010C                     	;# 
   121  010D                     	;# 
   122  010E                     	;# 
   123  010F                     	;# 
   124  0185                     	;# 
   125  0187                     	;# 
   126  0188                     	;# 
   127  0189                     	;# 
   128  018C                     	;# 
   129  018D                     	;# 
   130  0000                     	;# 
   131  0001                     	;# 
   132  0002                     	;# 
   133  0003                     	;# 
   134  0004                     	;# 
   135  0005                     	;# 
   136  0006                     	;# 
   137  0007                     	;# 
   138  0008                     	;# 
   139  0009                     	;# 
   140  000A                     	;# 
   141  000B                     	;# 
   142  000C                     	;# 
   143  000D                     	;# 
   144  000E                     	;# 
   145  000E                     	;# 
   146  000F                     	;# 
   147  0010                     	;# 
   148  0011                     	;# 
   149  0012                     	;# 
   150  0013                     	;# 
   151  0014                     	;# 
   152  0015                     	;# 
   153  0015                     	;# 
   154  0016                     	;# 
   155  0017                     	;# 
   156  0018                     	;# 
   157  0019                     	;# 
   158  001A                     	;# 
   159  001B                     	;# 
   160  001B                     	;# 
   161  001C                     	;# 
   162  001D                     	;# 
   163  001E                     	;# 
   164  001F                     	;# 
   165  0081                     	;# 
   166  0085                     	;# 
   167  0086                     	;# 
   168  0087                     	;# 
   169  0088                     	;# 
   170  0089                     	;# 
   171  008C                     	;# 
   172  008D                     	;# 
   173  008E                     	;# 
   174  008F                     	;# 
   175  0090                     	;# 
   176  0091                     	;# 
   177  0092                     	;# 
   178  0093                     	;# 
   179  0093                     	;# 
   180  0093                     	;# 
   181  0094                     	;# 
   182  0095                     	;# 
   183  0096                     	;# 
   184  0097                     	;# 
   185  0098                     	;# 
   186  0099                     	;# 
   187  009A                     	;# 
   188  009B                     	;# 
   189  009C                     	;# 
   190  009D                     	;# 
   191  009E                     	;# 
   192  009F                     	;# 
   193  0105                     	;# 
   194  0107                     	;# 
   195  0108                     	;# 
   196  0109                     	;# 
   197  010C                     	;# 
   198  010C                     	;# 
   199  010D                     	;# 
   200  010E                     	;# 
   201  010F                     	;# 
   202  0185                     	;# 
   203  0187                     	;# 
   204  0188                     	;# 
   205  0189                     	;# 
   206  018C                     	;# 
   207  018D                     	;# 
   208                           
   209                           	psect	idataCOMMON
   210  023B                     __pidataCOMMON:
   211                           
   212                           ;initializer for _potbang3
   213  023B  342D               	retlw	45
   214  0012                     _T2CONbits	set	18
   215  0010                     _T1CONbits	set	16
   216  001D                     _CCP2CONbits	set	29
   217  0017                     _CCP1CONbits	set	23
   218  0009                     _PORTE	set	9
   219  0008                     _PORTD	set	8
   220  0007                     _PORTC	set	7
   221  0005                     _PORTA	set	5
   222  0006                     _PORTB	set	6
   223  000F                     _TMR1H	set	15
   224  000E                     _TMR1L	set	14
   225  0008                     _PORTDbits	set	8
   226  0001                     _TMR0	set	1
   227  000B                     _INTCONbits	set	11
   228  000C                     _PIR1bits	set	12
   229  001B                     _CCPR2L	set	27
   230  001F                     _ADCON0bits	set	31
   231  001E                     _ADRESH	set	30
   232  0015                     _CCPR1L	set	21
   233  0066                     _ADIF	set	102
   234  008C                     _PIE1bits	set	140
   235  0081                     _OPTION_REGbits	set	129
   236  0092                     _PR2	set	146
   237  0087                     _TRISCbits	set	135
   238  009F                     _ADCON1bits	set	159
   239  0089                     _TRISE	set	137
   240  0088                     _TRISD	set	136
   241  0087                     _TRISC	set	135
   242  0086                     _TRISB	set	134
   243  0085                     _TRISA	set	133
   244  008F                     _OSCCONbits	set	143
   245  0188                     _ANSELbits	set	392
   246  0189                     _ANSELH	set	393
   247                           
   248                           	psect	cinit
   249  0011                     start_initialization:	
   250                           ; #config settings
   251                           
   252  0011                     __initialization:
   253                           
   254                           ; Initialize objects allocated to COMMON
   255  0011  120A  118A  223B  120A  118A  	fcall	__pidataCOMMON	;fetch initializer
   256  0016  00FD               	movwf	__pdataCOMMON& (0+127)
   257                           
   258                           ; Clear objects allocated to BANK0
   259  0017  01A0               	clrf	__pbssBANK0& (0+127)
   260  0018  01A1               	clrf	(__pbssBANK0+1)& (0+127)
   261  0019  01A2               	clrf	(__pbssBANK0+2)& (0+127)
   262  001A  01A3               	clrf	(__pbssBANK0+3)& (0+127)
   263  001B  01A4               	clrf	(__pbssBANK0+4)& (0+127)
   264                           
   265                           ; Clear objects allocated to COMMON
   266  001C  01F7               	clrf	__pbssCOMMON& (0+127)
   267  001D  01F8               	clrf	(__pbssCOMMON+1)& (0+127)
   268  001E  01F9               	clrf	(__pbssCOMMON+2)& (0+127)
   269  001F  01FA               	clrf	(__pbssCOMMON+3)& (0+127)
   270  0020  01FB               	clrf	(__pbssCOMMON+4)& (0+127)
   271  0021  01FC               	clrf	(__pbssCOMMON+5)& (0+127)
   272  0022                     end_of_initialization:	
   273                           ;End of C runtime variable initialization code
   274                           
   275  0022                     __end_of__initialization:
   276  0022  0183               	clrf	3
   277  0023  120A  118A  29BA   	ljmp	_main	;jump to C main() function
   278                           
   279                           	psect	bssCOMMON
   280  0077                     __pbssCOMMON:
   281  0077                     _contpot2:
   282  0077                     	ds	1
   283  0078                     _contpot1:
   284  0078                     	ds	1
   285  0079                     _contpot0:
   286  0079                     	ds	1
   287  007A                     _potbang2:
   288  007A                     	ds	1
   289  007B                     _potbang1:
   290  007B                     	ds	1
   291  007C                     _potbang0:
   292  007C                     	ds	1
   293                           
   294                           	psect	dataCOMMON
   295  007D                     __pdataCOMMON:
   296  007D                     _potbang3:
   297  007D                     	ds	1
   298                           
   299                           	psect	bssBANK0
   300  0020                     __pbssBANK0:
   301  0020                     _habcont3:
   302  0020                     	ds	1
   303  0021                     _habcont2:
   304  0021                     	ds	1
   305  0022                     _habcont1:
   306  0022                     	ds	1
   307  0023                     _habcont0:
   308  0023                     	ds	1
   309  0024                     _contpot3:
   310  0024                     	ds	1
   311                           
   312                           	psect	cstackCOMMON
   313  0070                     __pcstackCOMMON:
   314  0070                     ?_numresets:
   315  0070                     ??_numresets:	
   316                           ; 1 bytes @ 0x0
   317                           
   318  0070                     ?_isr:	
   319                           ; 1 bytes @ 0x0
   320                           
   321  0070                     ?_main:	
   322                           ; 1 bytes @ 0x0
   323                           
   324  0070                     numresets@ValorPot:	
   325                           ; 1 bytes @ 0x0
   326                           
   327                           
   328                           ; 1 bytes @ 0x0
   329  0070                     	ds	1
   330  0071                     ??_isr:
   331                           
   332                           ; 1 bytes @ 0x1
   333  0071                     	ds	6
   334                           
   335                           	psect	cstackBANK0
   336  0025                     __pcstackBANK0:
   337  0025                     ??_main:
   338                           
   339                           ; 1 bytes @ 0x0
   340  0025                     	ds	1
   341                           
   342                           	psect	maintext
   343  01BA                     __pmaintext:	
   344 ;;
   345 ;;Main: autosize = 0, tempsize = 1, incstack = 0, save=0
   346 ;;
   347 ;; *************** function _main *****************
   348 ;; Defined at:
   349 ;;		line 171 in file "pseudopro.c"
   350 ;; Parameters:    Size  Location     Type
   351 ;;		None
   352 ;; Auto vars:     Size  Location     Type
   353 ;;		None
   354 ;; Return value:  Size  Location     Type
   355 ;;                  1    wreg      void 
   356 ;; Registers used:
   357 ;;		wreg, status,2, status,0
   358 ;; Tracked objects:
   359 ;;		On entry : B00/0
   360 ;;		On exit  : 0/0
   361 ;;		Unchanged: 0/0
   362 ;; Data sizes:     COMMON   BANK0   BANK1   BANK3   BANK2
   363 ;;      Params:         0       0       0       0       0
   364 ;;      Locals:         0       0       0       0       0
   365 ;;      Temps:          0       1       0       0       0
   366 ;;      Totals:         0       1       0       0       0
   367 ;;Total ram usage:        1 bytes
   368 ;; Hardware stack levels required when called:    2
   369 ;; This function calls:
   370 ;;		Nothing
   371 ;; This function is called by:
   372 ;;		Startup code after reset
   373 ;; This function uses a non-reentrant model
   374 ;;
   375                           
   376                           
   377                           ;psect for function _main
   378  01BA                     _main:
   379  01BA                     l1307:	
   380                           ;incstack = 0
   381                           ; Regs used in _main: [wreg+status,2+status,0]
   382                           
   383                           
   384                           ;pseudopro.c: 174:     _delay((unsigned long)((50)*(8000000/4000000.0)));
   385  01BA  3070               	movlw	112
   386  01BB  1683               	bsf	3,5	;RP0=1, select bank1
   387  01BC  1303               	bcf	3,6	;RP1=0, select bank1
   388  01BD  048F               	iorwf	15,f	;volatile
   389  01BE                     l1309:
   390                           
   391                           ;pseudopro.c: 175: 
   392  01BE  140F               	bsf	15,0	;volatile
   393  01BF                     l1311:
   394                           
   395                           ;pseudopro.c: 177:     TRISCbits.TRISC2 = 1;
   396  01BF  1683               	bsf	3,5	;RP0=1, select bank3
   397  01C0  1703               	bsf	3,6	;RP1=1, select bank3
   398  01C1  0189               	clrf	9	;volatile
   399  01C2                     l1313:
   400                           
   401                           ;pseudopro.c: 178:     PR2 = 250;
   402  01C2  1408               	bsf	8,0	;volatile
   403  01C3                     l1315:
   404                           
   405                           ;pseudopro.c: 179:     CCP1CONbits.P1M = 0;
   406  01C3  1488               	bsf	8,1	;volatile
   407  01C4                     l1317:
   408                           
   409                           ;pseudopro.c: 180:     CCP1CONbits.CCP1M = 0b1100;
   410  01C4  1508               	bsf	8,2	;volatile
   411  01C5                     l1319:
   412                           
   413                           ;pseudopro.c: 181:     CCPR1L = 0x0f;
   414  01C5  1588               	bsf	8,3	;volatile
   415  01C6                     l1321:
   416                           
   417                           ;pseudopro.c: 182:     CCP1CONbits.DC1B = 0;
   418  01C6  1608               	bsf	8,4	;volatile
   419  01C7                     l1323:
   420                           
   421                           ;pseudopro.c: 183: 
   422  01C7  1688               	bsf	8,5	;volatile
   423  01C8                     l1325:
   424                           
   425                           ;pseudopro.c: 184:     TRISCbits.TRISC1 = 1;
   426  01C8  307F               	movlw	127
   427  01C9  1683               	bsf	3,5	;RP0=1, select bank1
   428  01CA  1303               	bcf	3,6	;RP1=0, select bank1
   429  01CB  0085               	movwf	5	;volatile
   430  01CC                     l1327:
   431                           
   432                           ;pseudopro.c: 185:     CCP2CONbits.CCP2M = 0b1100;
   433  01CC  0186               	clrf	6	;volatile
   434  01CD                     l1329:
   435                           
   436                           ;pseudopro.c: 186:     CCPR2L = 0x0f;
   437  01CD  0187               	clrf	7	;volatile
   438  01CE                     l1331:
   439                           
   440                           ;pseudopro.c: 187:     CCP2CONbits.DC2B1 = 0;
   441  01CE  0188               	clrf	8	;volatile
   442  01CF                     l1333:
   443                           
   444                           ;pseudopro.c: 188: 
   445  01CF  3001               	movlw	1
   446  01D0  0089               	movwf	9	;volatile
   447  01D1                     l1335:
   448                           
   449                           ;pseudopro.c: 189:     OPTION_REGbits.T0CS = 0;
   450  01D1  1283               	bcf	3,5	;RP0=0, select bank0
   451  01D2  1303               	bcf	3,6	;RP1=0, select bank0
   452  01D3  0185               	clrf	5	;volatile
   453  01D4                     l1337:
   454                           
   455                           ;pseudopro.c: 190:     OPTION_REGbits.PSA = 0;
   456  01D4  0186               	clrf	6	;volatile
   457  01D5                     l1339:
   458                           
   459                           ;pseudopro.c: 191:     OPTION_REGbits.PS = 0;
   460  01D5  0187               	clrf	7	;volatile
   461  01D6                     l1341:
   462                           
   463                           ;pseudopro.c: 192: 
   464  01D6  0188               	clrf	8	;volatile
   465  01D7                     l1343:
   466                           
   467                           ;pseudopro.c: 193:     TMR0 = 234;
   468  01D7  0189               	clrf	9	;volatile
   469  01D8                     l1345:
   470                           
   471                           ;pseudopro.c: 196:     TMR1L = 192;
   472  01D8  081F               	movf	31,w	;volatile
   473  01D9  393F               	andlw	-193
   474  01DA  3880               	iorlw	128
   475  01DB  009F               	movwf	31	;volatile
   476  01DC                     l1347:
   477                           
   478                           ;pseudopro.c: 197:     TMR1H = 99;
   479  01DC  111F               	bcf	31,2	;volatile
   480  01DD                     l1349:
   481                           
   482                           ;pseudopro.c: 198:     T1CONbits.T1CKPS = 0;
   483  01DD  1683               	bsf	3,5	;RP0=1, select bank1
   484  01DE  1303               	bcf	3,6	;RP1=0, select bank1
   485  01DF  129F               	bcf	31,5	;volatile
   486  01E0                     l1351:
   487                           
   488                           ;pseudopro.c: 199:     T1CONbits.TMR1CS = 0;
   489  01E0  121F               	bcf	31,4	;volatile
   490  01E1                     l1353:
   491                           
   492                           ;pseudopro.c: 200:     T1CONbits.TMR1ON = 1;
   493  01E1  139F               	bcf	31,7	;volatile
   494  01E2                     l1355:
   495                           
   496                           ;pseudopro.c: 201:     PIR1bits.TMR1IF = 0;
   497  01E2  1283               	bcf	3,5	;RP0=0, select bank0
   498  01E3  1303               	bcf	3,6	;RP1=0, select bank0
   499  01E4  141F               	bsf	31,0	;volatile
   500  01E5                     l1357:
   501                           
   502                           ;pseudopro.c: 202: 
   503  01E5  3020               	movlw	32
   504  01E6  1283               	bcf	3,5	;RP0=0, select bank0
   505  01E7  1303               	bcf	3,6	;RP1=0, select bank0
   506  01E8  00A5               	movwf	??_main
   507  01E9                     u677:
   508  01E9  0BA5               	decfsz	??_main,f
   509  01EA  29E9               	goto	u677
   510  01EB  0000               	nop
   511  01EC                     l1359:
   512                           
   513                           ;pseudopro.c: 205:     T2CONbits.TMR2ON = 1;
   514  01EC  1683               	bsf	3,5	;RP0=1, select bank1
   515  01ED  1303               	bcf	3,6	;RP1=0, select bank1
   516  01EE  1507               	bsf	7,2	;volatile
   517  01EF                     l1361:
   518                           
   519                           ;pseudopro.c: 206:     while(PIR1bits.TMR2IF == 0);
   520  01EF  30FA               	movlw	250
   521  01F0  0092               	movwf	18	;volatile
   522  01F1                     l1363:
   523                           
   524                           ;pseudopro.c: 207:     PIR1bits.TMR2IF = 0;
   525  01F1  303F               	movlw	-193
   526  01F2  1283               	bcf	3,5	;RP0=0, select bank0
   527  01F3  1303               	bcf	3,6	;RP1=0, select bank0
   528  01F4  0597               	andwf	23,f	;volatile
   529  01F5                     l1365:
   530                           
   531                           ;pseudopro.c: 208:     TRISCbits.TRISC2 = 0;
   532  01F5  0817               	movf	23,w	;volatile
   533  01F6  39F0               	andlw	-16
   534  01F7  380C               	iorlw	12
   535  01F8  0097               	movwf	23	;volatile
   536  01F9                     l1367:
   537                           
   538                           ;pseudopro.c: 209:     TRISCbits.TRISC1 = 0;
   539  01F9  300F               	movlw	15
   540  01FA  0095               	movwf	21	;volatile
   541  01FB                     l1369:
   542                           
   543                           ;pseudopro.c: 210: 
   544  01FB  30CF               	movlw	-49
   545  01FC  0597               	andwf	23,f	;volatile
   546  01FD                     l1371:
   547                           
   548                           ;pseudopro.c: 212:     PIE1bits.TMR1IE = 1;
   549  01FD  1683               	bsf	3,5	;RP0=1, select bank1
   550  01FE  1303               	bcf	3,6	;RP1=0, select bank1
   551  01FF  1487               	bsf	7,1	;volatile
   552  0200                     l1373:
   553                           
   554                           ;pseudopro.c: 213:     PIR1bits.ADIF = 0;
   555  0200  1283               	bcf	3,5	;RP0=0, select bank0
   556  0201  1303               	bcf	3,6	;RP1=0, select bank0
   557  0202  081D               	movf	29,w	;volatile
   558  0203  39F0               	andlw	-16
   559  0204  380C               	iorlw	12
   560  0205  009D               	movwf	29	;volatile
   561  0206                     l1375:
   562                           
   563                           ;pseudopro.c: 214:     PIE1bits.ADIE = 1;
   564  0206  300F               	movlw	15
   565  0207  009B               	movwf	27	;volatile
   566  0208                     l1377:
   567                           
   568                           ;pseudopro.c: 215:     INTCONbits.PEIE = 1;
   569  0208  129D               	bcf	29,5	;volatile
   570  0209                     l1379:
   571                           
   572                           ;pseudopro.c: 217:     ADCON0bits.GO = 1;
   573  0209  1683               	bsf	3,5	;RP0=1, select bank1
   574  020A  1303               	bcf	3,6	;RP1=0, select bank1
   575  020B  1281               	bcf	1,5	;volatile
   576  020C                     l1381:
   577                           
   578                           ;pseudopro.c: 218:     while (1){}
   579  020C  1181               	bcf	1,3	;volatile
   580  020D                     l1383:
   581                           
   582                           ;pseudopro.c: 219: }
   583  020D  30F8               	movlw	-8
   584  020E  0581               	andwf	1,f	;volatile
   585  020F                     l1385:
   586  020F  30EA               	movlw	234
   587  0210  1283               	bcf	3,5	;RP0=0, select bank0
   588  0211  1303               	bcf	3,6	;RP1=0, select bank0
   589  0212  0081               	movwf	1	;volatile
   590  0213                     l1387:
   591  0213  110B               	bcf	11,2	;volatile
   592  0214                     l1389:
   593  0214  30C0               	movlw	192
   594  0215  008E               	movwf	14	;volatile
   595  0216                     l1391:
   596  0216  3063               	movlw	99
   597  0217  008F               	movwf	15	;volatile
   598  0218                     l1393:
   599  0218  30CF               	movlw	-49
   600  0219  0590               	andwf	16,f	;volatile
   601  021A                     l1395:
   602  021A  1090               	bcf	16,1	;volatile
   603  021B                     l1397:
   604  021B  1410               	bsf	16,0	;volatile
   605  021C                     l1399:
   606  021C  100C               	bcf	12,0	;volatile
   607  021D                     l1401:
   608  021D  108C               	bcf	12,1	;volatile
   609  021E                     l1403:
   610  021E  3003               	movlw	3
   611  021F  0492               	iorwf	18,f	;volatile
   612  0220                     l1405:
   613  0220  1512               	bsf	18,2	;volatile
   614  0221                     l153:
   615  0221  1C8C               	btfss	12,1	;volatile
   616  0222  2A24               	goto	u661
   617  0223  2A25               	goto	u660
   618  0224                     u661:
   619  0224  2A21               	goto	l153
   620  0225                     u660:
   621  0225                     l155:
   622  0225  108C               	bcf	12,1	;volatile
   623  0226  1683               	bsf	3,5	;RP0=1, select bank1
   624  0227  1303               	bcf	3,6	;RP1=0, select bank1
   625  0228  1107               	bcf	7,2	;volatile
   626  0229  1087               	bcf	7,1	;volatile
   627  022A  168B               	bsf	11,5	;volatile
   628  022B  140C               	bsf	12,0	;volatile
   629  022C  1283               	bcf	3,5	;RP0=0, select bank0
   630  022D  1303               	bcf	3,6	;RP1=0, select bank0
   631  022E  130C               	bcf	12,6	;volatile
   632  022F  1683               	bsf	3,5	;RP0=1, select bank1
   633  0230  1303               	bcf	3,6	;RP1=0, select bank1
   634  0231  170C               	bsf	12,6	;volatile
   635  0232  170B               	bsf	11,6	;volatile
   636  0233  178B               	bsf	11,7	;volatile
   637  0234  1283               	bcf	3,5	;RP0=0, select bank0
   638  0235  1303               	bcf	3,6	;RP1=0, select bank0
   639  0236  149F               	bsf	31,1	;volatile
   640  0237                     l156:
   641  0237                     l157:
   642  0237  2A37               	goto	l156
   643  0238  120A  118A  280E   	ljmp	start
   644  023B                     __end_of_main:
   645                           
   646                           	psect	text1
   647  0026                     __ptext1:	
   648 ;; *************** function _isr *****************
   649 ;; Defined at:
   650 ;;		line 86 in file "pseudopro.c"
   651 ;; Parameters:    Size  Location     Type
   652 ;;		None
   653 ;; Auto vars:     Size  Location     Type
   654 ;;		None
   655 ;; Return value:  Size  Location     Type
   656 ;;                  1    wreg      void 
   657 ;; Registers used:
   658 ;;		wreg, fsr0l, fsr0h, status,2, status,0, pclath, cstack
   659 ;; Tracked objects:
   660 ;;		On entry : 0/0
   661 ;;		On exit  : 0/0
   662 ;;		Unchanged: 0/0
   663 ;; Data sizes:     COMMON   BANK0   BANK1   BANK3   BANK2
   664 ;;      Params:         0       0       0       0       0
   665 ;;      Locals:         0       0       0       0       0
   666 ;;      Temps:          6       0       0       0       0
   667 ;;      Totals:         6       0       0       0       0
   668 ;;Total ram usage:        6 bytes
   669 ;; Hardware stack levels used:    1
   670 ;; Hardware stack levels required when called:    1
   671 ;; This function calls:
   672 ;;		_numresets
   673 ;; This function is called by:
   674 ;;		Interrupt level 1
   675 ;; This function uses a non-reentrant model
   676 ;;
   677                           
   678                           
   679                           ;psect for function _isr
   680  0026                     _isr:
   681  0026                     i1l1201:
   682                           
   683                           ;pseudopro.c: 88:             case 5:
   684  0026  1283               	bcf	3,5	;RP0=0, select bank0
   685  0027  1303               	bcf	3,6	;RP1=0, select bank0
   686  0028  1F0C               	btfss	12,6	;volatile
   687  0029  282B               	goto	u55_21
   688  002A  282C               	goto	u55_20
   689  002B                     u55_21:
   690  002B  28AC               	goto	i1l1235
   691  002C                     u55_20:
   692  002C  2885               	goto	i1l1227
   693  002D                     i1l1205:
   694                           
   695                           ;pseudopro.c: 92:         }
   696  002D  081E               	movf	30,w	;volatile
   697  002E  00F1               	movwf	??_isr
   698  002F  1003               	clrc
   699  0030  0C71               	rrf	??_isr,w
   700  0031  3E7C               	addlw	124
   701  0032  0095               	movwf	21	;volatile
   702                           
   703                           ;pseudopro.c: 93:         _delay((unsigned long)((50)*(8000000/4000000.0)));
   704  0033  081F               	movf	31,w	;volatile
   705  0034  39C3               	andlw	-61
   706  0035  3804               	iorlw	4
   707  0036  009F               	movwf	31	;volatile
   708                           
   709                           ;pseudopro.c: 94:         PIR1bits.ADIF = 0;
   710  0037  28A4               	goto	i1l1229
   711  0038                     i1l1207:
   712                           
   713                           ;pseudopro.c: 97:     if (INTCONbits.T0IF == 1){
   714  0038  081E               	movf	30,w	;volatile
   715  0039  00F1               	movwf	??_isr
   716  003A  1003               	clrc
   717  003B  0C71               	rrf	??_isr,w
   718  003C  3E7C               	addlw	124
   719  003D  009B               	movwf	27	;volatile
   720                           
   721                           ;pseudopro.c: 98:         TMR0 = 234;
   722  003E  081F               	movf	31,w	;volatile
   723  003F  39C3               	andlw	-61
   724  0040  3808               	iorlw	8
   725  0041  009F               	movwf	31	;volatile
   726                           
   727                           ;pseudopro.c: 99:         if (habcont0 == 1){
   728  0042  28A4               	goto	i1l1229
   729  0043                     i1l1209:
   730                           
   731                           ;pseudopro.c: 102:         else if (habcont1 == 1){
   732  0043  081E               	movf	30,w	;volatile
   733  0044  3E7C               	addlw	124
   734  0045  120A  118A  2123  120A  118A  	fcall	_numresets
   735  004A  00F1               	movwf	??_isr
   736  004B  0871               	movf	??_isr,w
   737  004C  00FC               	movwf	_potbang0
   738  004D                     i1l1211:
   739                           
   740                           ;pseudopro.c: 103:             contpot1++;}
   741  004D  1283               	bcf	3,5	;RP0=0, select bank0
   742  004E  1303               	bcf	3,6	;RP1=0, select bank0
   743  004F  081F               	movf	31,w	;volatile
   744  0050  39C3               	andlw	-61
   745  0051  380C               	iorlw	12
   746  0052  009F               	movwf	31	;volatile
   747                           
   748                           ;pseudopro.c: 104: 
   749  0053  28A4               	goto	i1l1229
   750  0054                     i1l1213:
   751                           
   752                           ;pseudopro.c: 107: 
   753  0054  081E               	movf	30,w	;volatile
   754  0055  3E7C               	addlw	124
   755  0056  120A  118A  2123  120A  118A  	fcall	_numresets
   756  005B  00F1               	movwf	??_isr
   757  005C  0871               	movf	??_isr,w
   758  005D  00FB               	movwf	_potbang1
   759  005E                     i1l1215:
   760                           
   761                           ;pseudopro.c: 108:         else if (habcont3 == 1){
   762  005E  1283               	bcf	3,5	;RP0=0, select bank0
   763  005F  1303               	bcf	3,6	;RP1=0, select bank0
   764  0060  081F               	movf	31,w	;volatile
   765  0061  39C3               	andlw	-61
   766  0062  3810               	iorlw	16
   767  0063  009F               	movwf	31	;volatile
   768                           
   769                           ;pseudopro.c: 109:             contpot3++;}
   770  0064  28A4               	goto	i1l1229
   771  0065                     i1l1217:
   772                           
   773                           ;pseudopro.c: 112:             PORTDbits.RD0 = 0;
   774  0065  081E               	movf	30,w	;volatile
   775  0066  3E7C               	addlw	124
   776  0067  120A  118A  2123  120A  118A  	fcall	_numresets
   777  006C  00F1               	movwf	??_isr
   778  006D  0871               	movf	??_isr,w
   779  006E  00FA               	movwf	_potbang2
   780  006F                     i1l1219:
   781                           
   782                           ;pseudopro.c: 113:             habcont0 = 0;
   783  006F  1283               	bcf	3,5	;RP0=0, select bank0
   784  0070  1303               	bcf	3,6	;RP1=0, select bank0
   785  0071  081F               	movf	31,w	;volatile
   786  0072  39C3               	andlw	-61
   787  0073  3814               	iorlw	20
   788  0074  009F               	movwf	31	;volatile
   789                           
   790                           ;pseudopro.c: 114:             contpot0 = 0;}
   791  0075  28A4               	goto	i1l1229
   792  0076                     i1l1221:
   793                           
   794                           ;pseudopro.c: 117:             habcont1 = 0;
   795  0076  081E               	movf	30,w	;volatile
   796  0077  3E7C               	addlw	124
   797  0078  120A  118A  2123  120A  118A  	fcall	_numresets
   798  007D  00F1               	movwf	??_isr
   799  007E  0871               	movf	??_isr,w
   800  007F  00FD               	movwf	_potbang3
   801  0080                     i1l1223:
   802                           
   803                           ;pseudopro.c: 118:             contpot1 = 0;}
   804  0080  30C3               	movlw	-61
   805  0081  1283               	bcf	3,5	;RP0=0, select bank0
   806  0082  1303               	bcf	3,6	;RP1=0, select bank0
   807  0083  059F               	andwf	31,f	;volatile
   808                           
   809                           ;pseudopro.c: 119:         else if (contpot2 == potbang2){
   810  0084  28A4               	goto	i1l1229
   811  0085                     i1l1227:
   812  0085  0C1F               	rrf	31,w	;volatile
   813  0086  00F1               	movwf	??_isr
   814  0087  0C71               	rrf	??_isr,w
   815  0088  390F               	andlw	15
   816  0089  00F2               	movwf	??_isr+1
   817  008A  01F3               	clrf	??_isr+2
   818                           
   819                           ; Switch on 2 bytes has been partitioned into a top level switch of size 1, and 1 sub-sw
      +                          itches
   820                           ; Switch size 1, requested type "simple"
   821                           ; Number of cases is 1, Range of values is 0 to 0
   822                           ; switch strategies available:
   823                           ; Name         Instructions Cycles
   824                           ; simple_byte            4     3 (average)
   825                           ; direct_byte           11     8 (fixed)
   826                           ; jumptable            260     6 (fixed)
   827                           ;	Chosen strategy is simple_byte
   828  008B  0873               	movf	??_isr+2,w
   829  008C  3A00               	xorlw	0	; case 0
   830  008D  1903               	skipnz
   831  008E  2890               	goto	i1l1427
   832  008F  28A4               	goto	i1l1229
   833  0090                     i1l1427:
   834                           
   835                           ; Switch size 1, requested type "simple"
   836                           ; Number of cases is 6, Range of values is 0 to 5
   837                           ; switch strategies available:
   838                           ; Name         Instructions Cycles
   839                           ; simple_byte           19    10 (average)
   840                           ; direct_byte           26     8 (fixed)
   841                           ; jumptable            260     6 (fixed)
   842                           ;	Chosen strategy is simple_byte
   843  0090  0872               	movf	??_isr+1,w
   844  0091  3A00               	xorlw	0	; case 0
   845  0092  1903               	skipnz
   846  0093  282D               	goto	i1l1205
   847  0094  3A01               	xorlw	1	; case 1
   848  0095  1903               	skipnz
   849  0096  2838               	goto	i1l1207
   850  0097  3A03               	xorlw	3	; case 2
   851  0098  1903               	skipnz
   852  0099  2843               	goto	i1l1209
   853  009A  3A01               	xorlw	1	; case 3
   854  009B  1903               	skipnz
   855  009C  2854               	goto	i1l1213
   856  009D  3A07               	xorlw	7	; case 4
   857  009E  1903               	skipnz
   858  009F  2865               	goto	i1l1217
   859  00A0  3A01               	xorlw	1	; case 5
   860  00A1  1903               	skipnz
   861  00A2  2876               	goto	i1l1221
   862  00A3  28A4               	goto	i1l1229
   863  00A4                     i1l1229:
   864                           
   865                           ;pseudopro.c: 121:             habcont2 = 0;
   866  00A4  3021               	movlw	33
   867  00A5  00F1               	movwf	??_isr
   868  00A6                     u68_27:
   869  00A6  0BF1               	decfsz	??_isr,f
   870  00A7  28A6               	goto	u68_27
   871  00A8                     i1l1231:
   872                           
   873                           ;pseudopro.c: 122:             contpot2 = 0;}
   874  00A8  1283               	bcf	3,5	;RP0=0, select bank0
   875  00A9  1303               	bcf	3,6	;RP1=0, select bank0
   876  00AA  130C               	bcf	12,6	;volatile
   877  00AB                     i1l1233:
   878                           
   879                           ;pseudopro.c: 123:         else if (contpot3 == potbang3){
   880  00AB  149F               	bsf	31,1	;volatile
   881  00AC                     i1l1235:
   882                           
   883                           ;pseudopro.c: 125:             habcont3 = 0;
   884  00AC  1D0B               	btfss	11,2	;volatile
   885  00AD  28AF               	goto	u56_21
   886  00AE  28B0               	goto	u56_20
   887  00AF                     u56_21:
   888  00AF  2903               	goto	i1l1281
   889  00B0                     u56_20:
   890  00B0                     i1l1237:
   891                           
   892                           ;pseudopro.c: 126:             contpot3 = 0;}
   893  00B0  30EA               	movlw	234
   894  00B1  0081               	movwf	1	;volatile
   895  00B2                     i1l1239:
   896                           
   897                           ;pseudopro.c: 127:         INTCONbits.T0IF = 0;
   898  00B2  0323               	decf	_habcont0,w
   899  00B3  1D03               	btfss	3,2
   900  00B4  28B6               	goto	u57_21
   901  00B5  28B7               	goto	u57_20
   902  00B6                     u57_21:
   903  00B6  28BC               	goto	i1l1243
   904  00B7                     u57_20:
   905  00B7                     i1l1241:
   906                           
   907                           ;pseudopro.c: 128:     }
   908  00B7  3001               	movlw	1
   909  00B8  00F1               	movwf	??_isr
   910  00B9  0871               	movf	??_isr,w
   911  00BA  07F9               	addwf	_contpot0,f
   912  00BB  2902               	goto	i1l1279
   913  00BC                     i1l1243:
   914  00BC  0322               	decf	_habcont1,w
   915  00BD  1D03               	btfss	3,2
   916  00BE  28C0               	goto	u58_21
   917  00BF  28C1               	goto	u58_20
   918  00C0                     u58_21:
   919  00C0  28C6               	goto	i1l1247
   920  00C1                     u58_20:
   921  00C1                     i1l1245:
   922                           
   923                           ;pseudopro.c: 131:         TMR1H = 99;
   924  00C1  3001               	movlw	1
   925  00C2  00F1               	movwf	??_isr
   926  00C3  0871               	movf	??_isr,w
   927  00C4  07F8               	addwf	_contpot1,f
   928  00C5  2902               	goto	i1l1279
   929  00C6                     i1l1247:
   930  00C6  0321               	decf	_habcont2,w
   931  00C7  1D03               	btfss	3,2
   932  00C8  28CA               	goto	u59_21
   933  00C9  28CB               	goto	u59_20
   934  00CA                     u59_21:
   935  00CA  28D0               	goto	i1l1251
   936  00CB                     u59_20:
   937  00CB                     i1l1249:
   938                           
   939                           ;pseudopro.c: 134:         habcont1 = 1;
   940  00CB  3001               	movlw	1
   941  00CC  00F1               	movwf	??_isr
   942  00CD  0871               	movf	??_isr,w
   943  00CE  07F7               	addwf	_contpot2,f
   944  00CF  2902               	goto	i1l1279
   945  00D0                     i1l1251:
   946  00D0  0320               	decf	_habcont3,w
   947  00D1  1D03               	btfss	3,2
   948  00D2  28D4               	goto	u60_21
   949  00D3  28D5               	goto	u60_20
   950  00D4                     u60_21:
   951  00D4  28DA               	goto	i1l1255
   952  00D5                     u60_20:
   953  00D5                     i1l1253:
   954                           
   955                           ;pseudopro.c: 137:         PORTDbits.RD0 = 1;
   956  00D5  3001               	movlw	1
   957  00D6  00F1               	movwf	??_isr
   958  00D7  0871               	movf	??_isr,w
   959  00D8  07A4               	addwf	_contpot3,f
   960  00D9  2902               	goto	i1l1279
   961  00DA                     i1l1255:
   962  00DA  0879               	movf	_contpot0,w
   963  00DB  067C               	xorwf	_potbang0,w
   964  00DC  1D03               	skipz
   965  00DD  28DF               	goto	u61_21
   966  00DE  28E0               	goto	u61_20
   967  00DF                     u61_21:
   968  00DF  28E4               	goto	i1l1261
   969  00E0                     u61_20:
   970  00E0                     i1l1257:
   971                           
   972                           ;pseudopro.c: 140:         PORTDbits.RD3 = 1;
   973  00E0  1008               	bcf	8,0	;volatile
   974  00E1                     i1l1259:
   975                           
   976                           ;pseudopro.c: 141:         PIR1bits.TMR1IF = 0;}}
   977  00E1  01A3               	clrf	_habcont0
   978                           
   979                           ;pseudopro.c: 142: 
   980  00E2  01F9               	clrf	_contpot0
   981  00E3  2902               	goto	i1l1279
   982  00E4                     i1l1261:
   983  00E4  0878               	movf	_contpot1,w
   984  00E5  067B               	xorwf	_potbang1,w
   985  00E6  1D03               	skipz
   986  00E7  28E9               	goto	u62_21
   987  00E8  28EA               	goto	u62_20
   988  00E9                     u62_21:
   989  00E9  28EE               	goto	i1l1267
   990  00EA                     u62_20:
   991  00EA                     i1l1263:
   992                           
   993                           ;pseudopro.c: 144: 
   994  00EA  1088               	bcf	8,1	;volatile
   995  00EB                     i1l1265:
   996                           
   997                           ;pseudopro.c: 145: 
   998  00EB  01A2               	clrf	_habcont1
   999                           
  1000                           ;pseudopro.c: 146:     OSCCONbits.IRCF = 0b0111;
  1001  00EC  01F8               	clrf	_contpot1
  1002  00ED  2902               	goto	i1l1279
  1003  00EE                     i1l1267:
  1004  00EE  0877               	movf	_contpot2,w
  1005  00EF  067A               	xorwf	_potbang2,w
  1006  00F0  1D03               	skipz
  1007  00F1  28F3               	goto	u63_21
  1008  00F2  28F4               	goto	u63_20
  1009  00F3                     u63_21:
  1010  00F3  28F8               	goto	i1l1273
  1011  00F4                     u63_20:
  1012  00F4                     i1l1269:
  1013                           
  1014                           ;pseudopro.c: 148: 
  1015  00F4  1108               	bcf	8,2	;volatile
  1016  00F5                     i1l1271:
  1017                           
  1018                           ;pseudopro.c: 149:     ANSELH = 0;
  1019  00F5  01A1               	clrf	_habcont2
  1020                           
  1021                           ;pseudopro.c: 150:     ANSELbits.ANS0 = 1;
  1022  00F6  01F7               	clrf	_contpot2
  1023  00F7  2902               	goto	i1l1279
  1024  00F8                     i1l1273:
  1025  00F8  0824               	movf	_contpot3,w
  1026  00F9  067D               	xorwf	_potbang3,w
  1027  00FA  1D03               	skipz
  1028  00FB  28FD               	goto	u64_21
  1029  00FC  28FE               	goto	u64_20
  1030  00FD                     u64_21:
  1031  00FD  2902               	goto	i1l141
  1032  00FE                     u64_20:
  1033  00FE                     i1l1275:
  1034                           
  1035                           ;pseudopro.c: 152:     ANSELbits.ANS2 = 1;
  1036  00FE  1188               	bcf	8,3	;volatile
  1037  00FF                     i1l1277:
  1038                           
  1039                           ;pseudopro.c: 153:     ANSELbits.ANS3 = 1;
  1040  00FF  01A0               	clrf	_habcont3
  1041                           
  1042                           ;pseudopro.c: 154:     ANSELbits.ANS4 = 1;
  1043  0100  01A4               	clrf	_contpot3
  1044  0101  2902               	goto	i1l1279
  1045  0102                     i1l141:
  1046  0102                     i1l1279:
  1047                           
  1048                           ;pseudopro.c: 155:     ANSELbits.ANS5 = 1;
  1049  0102  110B               	bcf	11,2	;volatile
  1050  0103                     i1l1281:
  1051                           
  1052                           ;pseudopro.c: 157:     TRISB = 0;
  1053  0103  1C0C               	btfss	12,0	;volatile
  1054  0104  2906               	goto	u65_21
  1055  0105  2907               	goto	u65_20
  1056  0106                     u65_21:
  1057  0106  291A               	goto	i1l148
  1058  0107                     u65_20:
  1059  0107                     i1l1283:
  1060                           
  1061                           ;pseudopro.c: 158:     TRISC = 0;
  1062  0107  30C0               	movlw	192
  1063  0108  008E               	movwf	14	;volatile
  1064                           
  1065                           ;pseudopro.c: 159:     TRISD = 0;
  1066  0109  3063               	movlw	99
  1067  010A  008F               	movwf	15	;volatile
  1068                           
  1069                           ;pseudopro.c: 160:     TRISE = 1;
  1070  010B  087C               	movf	_potbang0,w
  1071  010C  0086               	movwf	6	;volatile
  1072  010D                     i1l1285:
  1073                           
  1074                           ;pseudopro.c: 161:     PORTA = 0;
  1075  010D  01A3               	clrf	_habcont0
  1076  010E  0AA3               	incf	_habcont0,f
  1077  010F                     i1l1287:
  1078                           
  1079                           ;pseudopro.c: 162:     PORTB = 0;
  1080  010F  01A2               	clrf	_habcont1
  1081  0110  0AA2               	incf	_habcont1,f
  1082  0111                     i1l1289:
  1083                           
  1084                           ;pseudopro.c: 163:     PORTC = 0;
  1085  0111  01A1               	clrf	_habcont2
  1086  0112  0AA1               	incf	_habcont2,f
  1087  0113                     i1l1291:
  1088                           
  1089                           ;pseudopro.c: 164:     PORTD = 0;
  1090  0113  01A0               	clrf	_habcont3
  1091  0114  0AA0               	incf	_habcont3,f
  1092  0115                     i1l1293:
  1093                           
  1094                           ;pseudopro.c: 165:     PORTE = 0;
  1095  0115  1408               	bsf	8,0	;volatile
  1096  0116                     i1l1295:
  1097                           
  1098                           ;pseudopro.c: 166: 
  1099  0116  1488               	bsf	8,1	;volatile
  1100  0117                     i1l1297:
  1101                           
  1102                           ;pseudopro.c: 167: 
  1103  0117  1508               	bsf	8,2	;volatile
  1104  0118                     i1l1299:
  1105                           
  1106                           ;pseudopro.c: 168:     ADCON0bits.ADCS = 2;
  1107  0118  1588               	bsf	8,3	;volatile
  1108  0119                     i1l1301:
  1109                           
  1110                           ;pseudopro.c: 169:     ADCON0bits.CHS0 = 0;
  1111  0119  100C               	bcf	12,0	;volatile
  1112  011A                     i1l148:
  1113  011A  0876               	movf	??_isr+5,w
  1114  011B  008A               	movwf	10
  1115  011C  0875               	movf	??_isr+4,w
  1116  011D  0084               	movwf	4
  1117  011E  0E74               	swapf	??_isr+3,w
  1118  011F  0083               	movwf	3
  1119  0120  0EFE               	swapf	btemp,f
  1120  0121  0E7E               	swapf	btemp,w
  1121  0122  0009               	retfie
  1122  0123                     __end_of_isr:
  1123                           
  1124                           	psect	intentry
  1125  0004                     __pintentry:	
  1126                           ;incstack = 0
  1127                           ; Regs used in _isr: [wreg-fsr0h+status,2+status,0+pclath+cstack]
  1128                           
  1129  0004                     interrupt_function:
  1130  007E                     saved_w	set	btemp
  1131  0004  00FE               	movwf	btemp
  1132  0005  0E03               	swapf	3,w
  1133  0006  00F4               	movwf	??_isr+3
  1134  0007  0804               	movf	4,w
  1135  0008  00F5               	movwf	??_isr+4
  1136  0009  080A               	movf	10,w
  1137  000A  00F6               	movwf	??_isr+5
  1138  000B  120A  118A  2826   	ljmp	_isr
  1139                           
  1140                           	psect	text2
  1141  0123                     __ptext2:	
  1142 ;; *************** function _numresets *****************
  1143 ;; Defined at:
  1144 ;;		line 34 in file "pseudopro.c"
  1145 ;; Parameters:    Size  Location     Type
  1146 ;;  ValorPot        1    wreg     unsigned char 
  1147 ;; Auto vars:     Size  Location     Type
  1148 ;;  ValorPot        1    0[COMMON] unsigned char 
  1149 ;; Return value:  Size  Location     Type
  1150 ;;                  1    wreg      unsigned char 
  1151 ;; Registers used:
  1152 ;;		wreg
  1153 ;; Tracked objects:
  1154 ;;		On entry : 0/0
  1155 ;;		On exit  : 0/0
  1156 ;;		Unchanged: 0/0
  1157 ;; Data sizes:     COMMON   BANK0   BANK1   BANK3   BANK2
  1158 ;;      Params:         0       0       0       0       0
  1159 ;;      Locals:         1       0       0       0       0
  1160 ;;      Temps:          0       0       0       0       0
  1161 ;;      Totals:         1       0       0       0       0
  1162 ;;Total ram usage:        1 bytes
  1163 ;; Hardware stack levels used:    1
  1164 ;; This function calls:
  1165 ;;		Nothing
  1166 ;; This function is called by:
  1167 ;;		_isr
  1168 ;; This function uses a non-reentrant model
  1169 ;;
  1170                           
  1171                           
  1172                           ;psect for function _numresets
  1173  0123                     _numresets:
  1174                           
  1175                           ;incstack = 0
  1176                           ; Regs used in _numresets: [wreg]
  1177                           ;numresets@ValorPot stored from wreg
  1178  0123  00F0               	movwf	numresets@ValorPot
  1179  0124                     i1l1089:
  1180                           
  1181                           ;pseudopro.c: 34:         return 9;;pseudopro.c: 35:     };pseudopro.c: 36:     else if 
      +                          (ValorPot < 173 && ValorPot > 151)
  1182  0124  3013               	movlw	19
  1183  0125  0270               	subwf	numresets@ValorPot,w
  1184  0126  1803               	skipnc
  1185  0127  2929               	goto	u34_21
  1186  0128  292A               	goto	u34_20
  1187  0129                     u34_21:
  1188  0129  292C               	goto	i1l1097
  1189  012A                     u34_20:
  1190  012A                     i1l1091:
  1191                           
  1192                           ;pseudopro.c: 37:     {;pseudopro.c: 38:         return 10;
  1193  012A  3002               	movlw	2
  1194  012B  29B9               	goto	i1l96
  1195  012C                     i1l1097:
  1196  012C  3028               	movlw	40
  1197  012D  0270               	subwf	numresets@ValorPot,w
  1198  012E  1803               	skipnc
  1199  012F  2931               	goto	u35_21
  1200  0130  2932               	goto	u35_20
  1201  0131                     u35_21:
  1202  0131  293A               	goto	i1l1107
  1203  0132                     u35_20:
  1204  0132                     i1l1099:
  1205  0132  3013               	movlw	19
  1206  0133  0270               	subwf	numresets@ValorPot,w
  1207  0134  1C03               	skipc
  1208  0135  2937               	goto	u36_21
  1209  0136  2938               	goto	u36_20
  1210  0137                     u36_21:
  1211  0137  293A               	goto	i1l1107
  1212  0138                     u36_20:
  1213  0138                     i1l1101:
  1214                           
  1215                           ;pseudopro.c: 41:     {;pseudopro.c: 42:         return 11;
  1216  0138  3003               	movlw	3
  1217  0139  29B9               	goto	i1l96
  1218  013A                     i1l1107:
  1219  013A  303D               	movlw	61
  1220  013B  0270               	subwf	numresets@ValorPot,w
  1221  013C  1803               	skipnc
  1222  013D  293F               	goto	u37_21
  1223  013E  2940               	goto	u37_20
  1224  013F                     u37_21:
  1225  013F  2948               	goto	i1l1117
  1226  0140                     u37_20:
  1227  0140                     i1l1109:
  1228  0140  3028               	movlw	40
  1229  0141  0270               	subwf	numresets@ValorPot,w
  1230  0142  1C03               	skipc
  1231  0143  2945               	goto	u38_21
  1232  0144  2946               	goto	u38_20
  1233  0145                     u38_21:
  1234  0145  2948               	goto	i1l1117
  1235  0146                     u38_20:
  1236  0146                     i1l1111:
  1237                           
  1238                           ;pseudopro.c: 45:     {;pseudopro.c: 46:         return 12;
  1239  0146  3005               	movlw	5
  1240  0147  29B9               	goto	i1l96
  1241  0148                     i1l1117:
  1242  0148  3052               	movlw	82
  1243  0149  0270               	subwf	numresets@ValorPot,w
  1244  014A  1803               	skipnc
  1245  014B  294D               	goto	u39_21
  1246  014C  294E               	goto	u39_20
  1247  014D                     u39_21:
  1248  014D  2956               	goto	i1l1127
  1249  014E                     u39_20:
  1250  014E                     i1l1119:
  1251  014E  303D               	movlw	61
  1252  014F  0270               	subwf	numresets@ValorPot,w
  1253  0150  1C03               	skipc
  1254  0151  2953               	goto	u40_21
  1255  0152  2954               	goto	u40_20
  1256  0153                     u40_21:
  1257  0153  2956               	goto	i1l1127
  1258  0154                     u40_20:
  1259  0154                     i1l1121:
  1260                           
  1261                           ;pseudopro.c: 49:     {;pseudopro.c: 50:         return 14;
  1262  0154  3006               	movlw	6
  1263  0155  29B9               	goto	i1l96
  1264  0156                     i1l1127:
  1265  0156  3067               	movlw	103
  1266  0157  0270               	subwf	numresets@ValorPot,w
  1267  0158  1803               	skipnc
  1268  0159  295B               	goto	u41_21
  1269  015A  295C               	goto	u41_20
  1270  015B                     u41_21:
  1271  015B  2964               	goto	i1l1137
  1272  015C                     u41_20:
  1273  015C                     i1l1129:
  1274  015C  3052               	movlw	82
  1275  015D  0270               	subwf	numresets@ValorPot,w
  1276  015E  1C03               	skipc
  1277  015F  2961               	goto	u42_21
  1278  0160  2962               	goto	u42_20
  1279  0161                     u42_21:
  1280  0161  2964               	goto	i1l1137
  1281  0162                     u42_20:
  1282  0162                     i1l1131:
  1283                           
  1284                           ;pseudopro.c: 53:     {;pseudopro.c: 54:         return 15;
  1285  0162  3007               	movlw	7
  1286  0163  29B9               	goto	i1l96
  1287  0164                     i1l1137:
  1288  0164  3083               	movlw	131
  1289  0165  0270               	subwf	numresets@ValorPot,w
  1290  0166  1803               	skipnc
  1291  0167  2969               	goto	u43_21
  1292  0168  296A               	goto	u43_20
  1293  0169                     u43_21:
  1294  0169  2972               	goto	i1l1147
  1295  016A                     u43_20:
  1296  016A                     i1l1139:
  1297  016A  3067               	movlw	103
  1298  016B  0270               	subwf	numresets@ValorPot,w
  1299  016C  1C03               	skipc
  1300  016D  296F               	goto	u44_21
  1301  016E  2970               	goto	u44_20
  1302  016F                     u44_21:
  1303  016F  2972               	goto	i1l1147
  1304  0170                     u44_20:
  1305  0170                     i1l1141:
  1306                           
  1307                           ;pseudopro.c: 57: ;pseudopro.c: 58: void __attribute__((picinterrupt(("")))) isr(void){
  1308  0170  3008               	movlw	8
  1309  0171  29B9               	goto	i1l96
  1310  0172                     i1l1147:
  1311  0172  3098               	movlw	152
  1312  0173  0270               	subwf	numresets@ValorPot,w
  1313  0174  1803               	skipnc
  1314  0175  2977               	goto	u45_21
  1315  0176  2978               	goto	u45_20
  1316  0177                     u45_21:
  1317  0177  2980               	goto	i1l1157
  1318  0178                     u45_20:
  1319  0178                     i1l1149:
  1320  0178  3083               	movlw	131
  1321  0179  0270               	subwf	numresets@ValorPot,w
  1322  017A  1C03               	skipc
  1323  017B  297D               	goto	u46_21
  1324  017C  297E               	goto	u46_20
  1325  017D                     u46_21:
  1326  017D  2980               	goto	i1l1157
  1327  017E                     u46_20:
  1328  017E                     i1l1151:
  1329                           
  1330                           ;pseudopro.c: 61: ;pseudopro.c: 62:         switch (ADCON0bits.CHS){
  1331  017E  3009               	movlw	9
  1332  017F  29B9               	goto	i1l96
  1333  0180                     i1l1157:
  1334  0180  30AD               	movlw	173
  1335  0181  0270               	subwf	numresets@ValorPot,w
  1336  0182  1803               	skipnc
  1337  0183  2985               	goto	u47_21
  1338  0184  2986               	goto	u47_20
  1339  0185                     u47_21:
  1340  0185  298E               	goto	i1l1167
  1341  0186                     u47_20:
  1342  0186                     i1l1159:
  1343  0186  3098               	movlw	152
  1344  0187  0270               	subwf	numresets@ValorPot,w
  1345  0188  1C03               	skipc
  1346  0189  298B               	goto	u48_21
  1347  018A  298C               	goto	u48_20
  1348  018B                     u48_21:
  1349  018B  298E               	goto	i1l1167
  1350  018C                     u48_20:
  1351  018C                     i1l1161:
  1352                           
  1353                           ;pseudopro.c: 65:                 ADCON0bits.CHS = 1;;pseudopro.c: 66:                 b
      +                          reak;
  1354  018C  300A               	movlw	10
  1355  018D  29B9               	goto	i1l96
  1356  018E                     i1l1167:
  1357  018E  30C2               	movlw	194
  1358  018F  0270               	subwf	numresets@ValorPot,w
  1359  0190  1803               	skipnc
  1360  0191  2993               	goto	u49_21
  1361  0192  2994               	goto	u49_20
  1362  0193                     u49_21:
  1363  0193  299C               	goto	i1l1177
  1364  0194                     u49_20:
  1365  0194                     i1l1169:
  1366  0194  30AD               	movlw	173
  1367  0195  0270               	subwf	numresets@ValorPot,w
  1368  0196  1C03               	skipc
  1369  0197  2999               	goto	u50_21
  1370  0198  299A               	goto	u50_20
  1371  0199                     u50_21:
  1372  0199  299C               	goto	i1l1177
  1373  019A                     u50_20:
  1374  019A                     i1l1171:
  1375                           
  1376                           ;pseudopro.c: 69:                 CCPR2L = (ADRESH>>1)+124;;pseudopro.c: 70:            
      +                               ADCON0bits.CHS = 2;
  1377  019A  300B               	movlw	11
  1378  019B  29B9               	goto	i1l96
  1379  019C                     i1l1177:
  1380  019C  30D7               	movlw	215
  1381  019D  0270               	subwf	numresets@ValorPot,w
  1382  019E  1803               	skipnc
  1383  019F  29A1               	goto	u51_21
  1384  01A0  29A2               	goto	u51_20
  1385  01A1                     u51_21:
  1386  01A1  29AA               	goto	i1l1187
  1387  01A2                     u51_20:
  1388  01A2                     i1l1179:
  1389  01A2  30C2               	movlw	194
  1390  01A3  0270               	subwf	numresets@ValorPot,w
  1391  01A4  1C03               	skipc
  1392  01A5  29A7               	goto	u52_21
  1393  01A6  29A8               	goto	u52_20
  1394  01A7                     u52_21:
  1395  01A7  29AA               	goto	i1l1187
  1396  01A8                     u52_20:
  1397  01A8                     i1l1181:
  1398                           
  1399                           ;pseudopro.c: 73:             case 2:;pseudopro.c: 74:                 potbang0 = numres
      +                          ets(ADRESH+124);
  1400  01A8  300C               	movlw	12
  1401  01A9  29B9               	goto	i1l96
  1402  01AA                     i1l1187:
  1403  01AA  30EC               	movlw	236
  1404  01AB  0270               	subwf	numresets@ValorPot,w
  1405  01AC  1803               	skipnc
  1406  01AD  29AF               	goto	u53_21
  1407  01AE  29B0               	goto	u53_20
  1408  01AF                     u53_21:
  1409  01AF  29B8               	goto	i1l1197
  1410  01B0                     u53_20:
  1411  01B0                     i1l1189:
  1412  01B0  30D7               	movlw	215
  1413  01B1  0270               	subwf	numresets@ValorPot,w
  1414  01B2  1C03               	skipc
  1415  01B3  29B5               	goto	u54_21
  1416  01B4  29B6               	goto	u54_20
  1417  01B5                     u54_21:
  1418  01B5  29B8               	goto	i1l1197
  1419  01B6                     u54_20:
  1420  01B6                     i1l1191:
  1421                           
  1422                           ;pseudopro.c: 77: ;pseudopro.c: 78:             case 3:
  1423  01B6  300E               	movlw	14
  1424  01B7  29B9               	goto	i1l96
  1425  01B8                     i1l1197:
  1426                           
  1427                           ;pseudopro.c: 81:                 break;;pseudopro.c: 82: 
  1428  01B8  300F               	movlw	15
  1429  01B9                     i1l96:
  1430  01B9  0008               	return
  1431  01BA                     __end_of_numresets:
  1432  007E                     btemp	set	126	;btemp
  1433  007E                     wtemp0	set	126
  1434                           
  1435                           	psect	config
  1436                           
  1437                           ;Config register CONFIG1 @ 0x2007
  1438                           ;	Oscillator Selection bits
  1439                           ;	FOSC = INTRC_NOCLKOUT, INTOSCIO oscillator: I/O function on RA6/OSC2/CLKOUT pin, I/O f
      +                          unction on RA7/OSC1/CLKIN
  1440                           ;	Watchdog Timer Enable bit
  1441                           ;	WDTE = OFF, WDT disabled and can be enabled by SWDTEN bit of the WDTCON register
  1442                           ;	Power-up Timer Enable bit
  1443                           ;	PWRTE = OFF, PWRT disabled
  1444                           ;	RE3/MCLR pin function select bit
  1445                           ;	MCLRE = OFF, RE3/MCLR pin function is digital input, MCLR internally tied to VDD
  1446                           ;	Code Protection bit
  1447                           ;	CP = OFF, Program memory code protection is disabled
  1448                           ;	Data Code Protection bit
  1449                           ;	CPD = OFF, Data memory code protection is disabled
  1450                           ;	Brown Out Reset Selection bits
  1451                           ;	BOREN = OFF, BOR disabled
  1452                           ;	Internal External Switchover bit
  1453                           ;	IESO = OFF, Internal/External Switchover mode is disabled
  1454                           ;	Fail-Safe Clock Monitor Enabled bit
  1455                           ;	FCMEN = OFF, Fail-Safe Clock Monitor is disabled
  1456                           ;	Low Voltage Programming Enable bit
  1457                           ;	LVP = OFF, RB3 pin has digital I/O, HV on MCLR must be used for programming
  1458                           ;	In-Circuit Debugger Mode bit
  1459                           ;	DEBUG = 0x1, unprogrammed default
  1460  2007                     	org	8199
  1461  2007  20D4               	dw	8404
  1462                           
  1463                           ;Config register CONFIG2 @ 0x2008
  1464                           ;	Brown-out Reset Selection bit
  1465                           ;	BOR4V = BOR40V, Brown-out Reset set to 4.0V
  1466                           ;	Flash Program Memory Self Write Enable bits
  1467                           ;	WRT = OFF, Write protection off
  1468  2008                     	org	8200
  1469  2008  3FFF               	dw	16383

Data Sizes:
    Strings     0
    Constant    0
    Data        1
    BSS         11
    Persistent  0
    Stack       0

Auto Spaces:
    Space          Size  Autos    Used
    COMMON           14      7      14
    BANK0            80      1       6
    BANK1            80      0       0
    BANK3            96      0       0
    BANK2            96      0       0

Pointer List with Targets:

    None.

Critical Paths under _main in COMMON

    None.

Critical Paths under _isr in COMMON

    _isr->_numresets

Critical Paths under _main in BANK0

    None.

Critical Paths under _isr in BANK0

    None.

Critical Paths under _main in BANK1

    None.

Critical Paths under _isr in BANK1

    None.

Critical Paths under _main in BANK3

    None.

Critical Paths under _isr in BANK3

    None.

Critical Paths under _main in BANK2

    None.

Critical Paths under _isr in BANK2

    None.

Call Graph Tables:

 ---------------------------------------------------------------------------------
 (Depth) Function   	        Calls       Base Space   Used Autos Params    Refs
 ---------------------------------------------------------------------------------
 (0) _main                                                 1     1      0       0
                                              0 BANK0      1     1      0
 ---------------------------------------------------------------------------------
 Estimated maximum stack depth 0
 ---------------------------------------------------------------------------------
 (Depth) Function   	        Calls       Base Space   Used Autos Params    Refs
 ---------------------------------------------------------------------------------
 (1) _isr                                                  6     6      0     462
                                              1 COMMON     6     6      0
                          _numresets
 ---------------------------------------------------------------------------------
 (2) _numresets                                            1     1      0     462
                                              0 COMMON     1     1      0
 ---------------------------------------------------------------------------------
 Estimated maximum stack depth 2
 ---------------------------------------------------------------------------------

 Call Graph Graphs:

 _main (ROOT)

 _isr (ROOT)
   _numresets

 Address spaces:
Name               Size   Autos  Total    Cost      Usage
BANK3               60      0       0       9        0.0%
BITBANK3            60      0       0       8        0.0%
SFR3                 0      0       0       4        0.0%
BITSFR3              0      0       0       4        0.0%
BANK2               60      0       0      11        0.0%
BITBANK2            60      0       0      10        0.0%
SFR2                 0      0       0       5        0.0%
BITSFR2              0      0       0       5        0.0%
BANK1               50      0       0       7        0.0%
BITBANK1            50      0       0       6        0.0%
SFR1                 0      0       0       2        0.0%
BITSFR1              0      0       0       2        0.0%
BANK0               50      1       6       5        7.5%
BITBANK0            50      0       0       4        0.0%
SFR0                 0      0       0       1        0.0%
BITSFR0              0      0       0       1        0.0%
COMMON               E      7       E       1      100.0%
BITCOMMON            E      0       0       0        0.0%
CODE                 0      0       0       0        0.0%
DATA                 0      0      14      12        0.0%
ABS                  0      0      14       3        0.0%
NULL                 0      0       0       0        0.0%
STACK                0      0       0       2        0.0%
EEDATA             100      0       0       0        0.0%


Microchip Technology PIC Macro Assembler V2.31 build 20201012212115 
Symbol Table                                                                                   Thu Jun 03 22:21:20 2021

                    l153 0221                      l155 0225                      l156 0237  
                    l157 0237                      _PR2 0092                      u660 0225  
                    u661 0224                      u677 01E9                      _isr 0026  
                    fsr0 0004                     l1311 01BF                     l1401 021D  
                   l1321 01C6                     l1313 01C2                     l1403 021E  
                   l1331 01CE                     l1323 01C7                     l1315 01C3  
                   l1307 01BA                     l1405 0220                     l1341 01D6  
                   l1333 01CF                     l1325 01C8                     l1317 01C4  
                   l1309 01BE                     l1351 01E0                     l1343 01D7  
                   l1335 01D1                     l1327 01CC                     l1319 01C5  
                   l1361 01EF                     l1353 01E1                     l1345 01D8  
                   l1337 01D4                     l1329 01CD                     l1371 01FD  
                   l1363 01F1                     l1355 01E2                     l1347 01DC  
                   l1339 01D5                     l1381 020C                     l1373 0200  
                   l1365 01F5                     l1357 01E5                     l1349 01DD  
                   l1391 0216                     l1383 020D                     l1375 0206  
                   l1367 01F9                     l1359 01EC                     l1393 0218  
                   l1385 020F                     l1377 0208                     l1369 01FB  
                   l1395 021A                     l1387 0213                     l1379 0209  
                   l1397 021B                     l1389 0214                     l1399 021C  
                   _ADIF 0066                     ?_isr 0070                     i1l96 01B9  
                   _TMR0 0001                     _main 01BA                     btemp 007E  
                   start 000E                    ??_isr 0071                    ?_main 0070  
                  i1l141 0102                    i1l148 011A                    u40_20 0154  
                  u40_21 0153                    u41_20 015C                    u41_21 015B  
                  _TMR1H 000F                    _TMR1L 000E                    u50_20 019A  
                  u42_20 0162                    u34_20 012A                    u50_21 0199  
                  u42_21 0161                    u34_21 0129                    u51_20 01A2  
                  u43_20 016A                    u35_20 0132                    u51_21 01A1  
                  u43_21 0169                    u35_21 0131                    _PORTA 0005  
                  _PORTB 0006                    _PORTC 0007                    _PORTD 0008  
                  _PORTE 0009                    u52_20 01A8                    u44_20 0170  
                  u36_20 0138                    u60_20 00D5                    u52_21 01A7  
                  u44_21 016F                    u36_21 0137                    u60_21 00D4  
                  u53_20 01B0                    u45_20 0178                    u37_20 0140  
                  u61_20 00E0                    u53_21 01AF                    u45_21 0177  
                  u37_21 013F                    u61_21 00DF                    u54_20 01B6  
                  u46_20 017E                    u38_20 0146                    u62_20 00EA  
                  u54_21 01B5                    u46_21 017D                    u38_21 0145  
                  u62_21 00E9                    u47_20 0186                    u39_20 014E  
                  u63_20 00F4                    u55_20 002C                    u47_21 0185  
                  u39_21 014D                    u63_21 00F3                    u55_21 002B  
                  u48_20 018C                    u64_20 00FE                    u56_20 00B0  
                  u48_21 018B                    u64_21 00FD                    u56_21 00AF  
                  u49_20 0194                    u65_20 0107                    u57_20 00B7  
                  u49_21 0193                    u65_21 0106                    u57_21 00B6  
                  _TRISA 0085                    _TRISB 0086                    _TRISC 0087  
                  _TRISD 0088                    _TRISE 0089                    u58_20 00C1  
                  u58_21 00C0                    u59_20 00CB                    u59_21 00CA  
                  u68_27 00A6                    pclath 000A                    status 0003  
                  wtemp0 007E          __initialization 0011             __end_of_main 023B  
                 ??_main 0025                   _ADRESH 001E                   _CCPR1L 0015  
                 _CCPR2L 001B                   _ANSELH 0189                   i1l1101 0138  
                 i1l1111 0146                   i1l1121 0154                   i1l1201 0026  
                 i1l1131 0162                   i1l1107 013A                   i1l1211 004D  
                 i1l1141 0170                   i1l1109 0140                   i1l1117 0148  
                 i1l1301 0119                   i1l1221 0076                   i1l1213 0054  
                 i1l1205 002D                   i1l1151 017E                   i1l1119 014E  
                 i1l1127 0156                   i1l1231 00A8                   i1l1223 0080  
                 i1l1215 005E                   i1l1207 0038                   i1l1161 018C  
                 i1l1129 015C                   i1l1137 0164                   i1l1241 00B7  
                 i1l1233 00AB                   i1l1217 0065                   i1l1209 0043  
                 i1l1171 019A                   i1l1139 016A                   i1l1147 0172  
                 i1l1091 012A                   i1l1251 00D0                   i1l1243 00BC  
                 i1l1219 006F                   i1l1227 0085                   i1l1235 00AC  
                 i1l1181 01A8                   i1l1149 0178                   i1l1157 0180  
                 i1l1261 00E4                   i1l1253 00D5                   i1l1245 00C1  
                 i1l1237 00B0                   i1l1229 00A4                   i1l1191 01B6  
                 i1l1159 0186                   i1l1167 018E                   i1l1271 00F5  
                 i1l1263 00EA                   i1l1255 00DA                   i1l1247 00C6  
                 i1l1239 00B2                   i1l1169 0194                   i1l1177 019C  
                 i1l1097 012C                   i1l1089 0124                   i1l1273 00F8  
                 i1l1265 00EB                   i1l1257 00E0                   i1l1249 00CB  
                 i1l1281 0103                   i1l1179 01A2                   i1l1187 01AA  
                 i1l1099 0132                   i1l1291 0113                   i1l1283 0107  
                 i1l1275 00FE                   i1l1267 00EE                   i1l1259 00E1  
                 i1l1427 0090                   i1l1189 01B0                   i1l1197 01B8  
                 i1l1293 0115                   i1l1285 010D                   i1l1277 00FF  
                 i1l1269 00F4                   i1l1295 0116                   i1l1287 010F  
                 i1l1279 0102                   i1l1297 0117                   i1l1289 0111  
                 i1l1299 0118             __pdataCOMMON 007D                   saved_w 007E  
__end_of__initialization 0022           __pcstackCOMMON 0070           _OPTION_REGbits 0081  
             __pbssBANK0 0020               __pmaintext 01BA               __pintentry 0004  
     __size_of_numresets 0097                _ANSELbits 0188                  __ptext1 0026  
                __ptext2 0123                _T1CONbits 0010                _T2CONbits 0012  
           __size_of_isr 00FD     end_of_initialization 0022        __end_of_numresets 01BA  
              _PORTDbits 0008                _TRISCbits 0087        numresets@ValorPot 0070  
            _CCP1CONbits 0017              _CCP2CONbits 001D            __pidataCOMMON 023B  
    start_initialization 0011              __end_of_isr 0123              __pbssCOMMON 0077  
              ___latbits 0002            __pcstackBANK0 0025        interrupt_function 0004  
               _PIE1bits 008C                 _PIR1bits 000C                _numresets 0123  
             _ADCON0bits 001F               _ADCON1bits 009F               ?_numresets 0070  
               _habcont0 0023                 _habcont1 0022                 _habcont2 0021  
               _habcont3 0020                 _contpot0 0079                 _contpot1 0078  
               _contpot2 0077                 _contpot3 0024            __size_of_main 0081  
               _potbang0 007C                 _potbang1 007B                 _potbang2 007A  
               _potbang3 007D               _INTCONbits 000B                 intlevel1 0000  
             _OSCCONbits 008F              ??_numresets 0070  
