

Microchip MPLAB XC8 Assembler V2.31 build 20201012212115 
                                                                                               Fri Jun 04 11:58:23 2021

Microchip MPLAB XC8 C Compiler v2.31 (Free license) build 20201012212115 Og1 
     1                           	processor	16F887
     2                           	pagewidth 120
     3                           	opt	flic
     4                           	psect	cinit,global,class=CODE,merge=1,delta=2
     5                           	psect	bssCOMMON,global,class=COMMON,space=1,delta=1,noexec
     6                           	psect	bssBANK0,global,class=BANK0,space=1,delta=1,noexec
     7                           	psect	cstackCOMMON,global,class=COMMON,space=1,delta=1,noexec
     8                           	psect	cstackBANK0,global,class=BANK0,space=1,delta=1,noexec
     9                           	psect	maintext,global,class=CODE,split=1,delta=2
    10                           	psect	text1,local,class=CODE,merge=1,delta=2
    11                           	psect	intentry,global,class=CODE,delta=2
    12                           	psect	text2,local,class=CODE,merge=1,delta=2
    13                           	psect	config,global,abs,ovrld,class=CONFIG,space=4,delta=2,noexec
    14                           	dabs	1,0x7E,2
    15  0000                     
    16                           ; Version 2.20
    17                           ; Generated 12/02/2020 GMT
    18                           ; 
    19                           ; Copyright © 2020, Microchip Technology Inc. and its subsidiaries ("Microchip")
    20                           ; All rights reserved.
    21                           ; 
    22                           ; This software is developed by Microchip Technology Inc. and its subsidiaries ("Microch
      +                          ip").
    23                           ; 
    24                           ; Redistribution and use in source and binary forms, with or without modification, are
    25                           ; permitted provided that the following conditions are met:
    26                           ; 
    27                           ;     1. Redistributions of source code must retain the above copyright notice, this lis
      +                          t of
    28                           ;        conditions and the following disclaimer.
    29                           ; 
    30                           ;     2. Redistributions in binary form must reproduce the above copyright notice, this 
      +                          list
    31                           ;        of conditions and the following disclaimer in the documentation and/or other
    32                           ;        materials provided with the distribution.
    33                           ; 
    34                           ;     3. Microchip's name may not be used to endorse or promote products derived from th
      +                          is
    35                           ;        software without specific prior written permission.
    36                           ; 
    37                           ; THIS SOFTWARE IS PROVIDED BY MICROCHIP "AS IS" AND ANY EXPRESS OR IMPLIED WARRANTIES,
    38                           ; INCLUDING, BUT NOT LIMITED TO, THE IMPLIED WARRANTIES OF MERCHANTABILITY AND FITNESS F
      +                          OR
    39                           ; PURPOSE ARE DISCLAIMED.  IN NO EVENT SHALL MICROCHIP BE LIABLE FOR ANY DIRECT, INDIREC
      +                          T,
    40                           ; INCIDENTAL, SPECIAL, EXEMPLARY, OR CONSEQUENTIAL DAMAGES (INCLUDING BUT NOT LIMITED TO
    41                           ; PROCUREMENT OF SUBSTITUTE GOODS OR SERVICES; LOSS OF USE, DATA OR PROFITS; OR BUSINESS
    42                           ; INTERRUPTION) HOWSOEVER CAUSED AND ON ANY THEORY OF LIABILITY, WHETHER IN CONTRACT, ST
      +                          RICT
    43                           ; LIABILITY, OR TORT (INCLUDING NEGLIGENCE OR OTHERWISE) ARISING IN ANY WAY OUT OF THE U
      +                          SE OF
    44                           ; THIS SOFTWARE, EVEN IF ADVISED OF THE POSSIBILITY OF SUCH DAMAGE.
    45                           ; 
    46                           ; 
    47                           ; Code-generator required, PIC16F887 Definitions
    48                           ; 
    49                           ; SFR Addresses
    50  0000                     	;# 
    51  0001                     	;# 
    52  0002                     	;# 
    53  0003                     	;# 
    54  0004                     	;# 
    55  0005                     	;# 
    56  0006                     	;# 
    57  0007                     	;# 
    58  0008                     	;# 
    59  0009                     	;# 
    60  000A                     	;# 
    61  000B                     	;# 
    62  000C                     	;# 
    63  000D                     	;# 
    64  000E                     	;# 
    65  000E                     	;# 
    66  000F                     	;# 
    67  0010                     	;# 
    68  0011                     	;# 
    69  0012                     	;# 
    70  0013                     	;# 
    71  0014                     	;# 
    72  0015                     	;# 
    73  0015                     	;# 
    74  0016                     	;# 
    75  0017                     	;# 
    76  0018                     	;# 
    77  0019                     	;# 
    78  001A                     	;# 
    79  001B                     	;# 
    80  001B                     	;# 
    81  001C                     	;# 
    82  001D                     	;# 
    83  001E                     	;# 
    84  001F                     	;# 
    85  0081                     	;# 
    86  0085                     	;# 
    87  0086                     	;# 
    88  0087                     	;# 
    89  0088                     	;# 
    90  0089                     	;# 
    91  008C                     	;# 
    92  008D                     	;# 
    93  008E                     	;# 
    94  008F                     	;# 
    95  0090                     	;# 
    96  0091                     	;# 
    97  0092                     	;# 
    98  0093                     	;# 
    99  0093                     	;# 
   100  0093                     	;# 
   101  0094                     	;# 
   102  0095                     	;# 
   103  0096                     	;# 
   104  0097                     	;# 
   105  0098                     	;# 
   106  0099                     	;# 
   107  009A                     	;# 
   108  009B                     	;# 
   109  009C                     	;# 
   110  009D                     	;# 
   111  009E                     	;# 
   112  009F                     	;# 
   113  0105                     	;# 
   114  0107                     	;# 
   115  0108                     	;# 
   116  0109                     	;# 
   117  010C                     	;# 
   118  010C                     	;# 
   119  010D                     	;# 
   120  010E                     	;# 
   121  010F                     	;# 
   122  0185                     	;# 
   123  0187                     	;# 
   124  0188                     	;# 
   125  0189                     	;# 
   126  018C                     	;# 
   127  018D                     	;# 
   128  0000                     	;# 
   129  0001                     	;# 
   130  0002                     	;# 
   131  0003                     	;# 
   132  0004                     	;# 
   133  0005                     	;# 
   134  0006                     	;# 
   135  0007                     	;# 
   136  0008                     	;# 
   137  0009                     	;# 
   138  000A                     	;# 
   139  000B                     	;# 
   140  000C                     	;# 
   141  000D                     	;# 
   142  000E                     	;# 
   143  000E                     	;# 
   144  000F                     	;# 
   145  0010                     	;# 
   146  0011                     	;# 
   147  0012                     	;# 
   148  0013                     	;# 
   149  0014                     	;# 
   150  0015                     	;# 
   151  0015                     	;# 
   152  0016                     	;# 
   153  0017                     	;# 
   154  0018                     	;# 
   155  0019                     	;# 
   156  001A                     	;# 
   157  001B                     	;# 
   158  001B                     	;# 
   159  001C                     	;# 
   160  001D                     	;# 
   161  001E                     	;# 
   162  001F                     	;# 
   163  0081                     	;# 
   164  0085                     	;# 
   165  0086                     	;# 
   166  0087                     	;# 
   167  0088                     	;# 
   168  0089                     	;# 
   169  008C                     	;# 
   170  008D                     	;# 
   171  008E                     	;# 
   172  008F                     	;# 
   173  0090                     	;# 
   174  0091                     	;# 
   175  0092                     	;# 
   176  0093                     	;# 
   177  0093                     	;# 
   178  0093                     	;# 
   179  0094                     	;# 
   180  0095                     	;# 
   181  0096                     	;# 
   182  0097                     	;# 
   183  0098                     	;# 
   184  0099                     	;# 
   185  009A                     	;# 
   186  009B                     	;# 
   187  009C                     	;# 
   188  009D                     	;# 
   189  009E                     	;# 
   190  009F                     	;# 
   191  0105                     	;# 
   192  0107                     	;# 
   193  0108                     	;# 
   194  0109                     	;# 
   195  010C                     	;# 
   196  010C                     	;# 
   197  010D                     	;# 
   198  010E                     	;# 
   199  010F                     	;# 
   200  0185                     	;# 
   201  0187                     	;# 
   202  0188                     	;# 
   203  0189                     	;# 
   204  018C                     	;# 
   205  018D                     	;# 
   206  0012                     _T2CONbits	set	18
   207  0010                     _T1CONbits	set	16
   208  001D                     _CCP2CONbits	set	29
   209  0017                     _CCP1CONbits	set	23
   210  0009                     _PORTE	set	9
   211  0008                     _PORTD	set	8
   212  0007                     _PORTC	set	7
   213  0005                     _PORTA	set	5
   214  000F                     _TMR1H	set	15
   215  000E                     _TMR1L	set	14
   216  0008                     _PORTDbits	set	8
   217  0001                     _TMR0	set	1
   218  000B                     _INTCONbits	set	11
   219  000C                     _PIR1bits	set	12
   220  0006                     _PORTB	set	6
   221  001B                     _CCPR2L	set	27
   222  001F                     _ADCON0bits	set	31
   223  001E                     _ADRESH	set	30
   224  0015                     _CCPR1L	set	21
   225  0066                     _ADIF	set	102
   226  008C                     _PIE1bits	set	140
   227  0081                     _OPTION_REGbits	set	129
   228  0092                     _PR2	set	146
   229  0087                     _TRISCbits	set	135
   230  009F                     _ADCON1bits	set	159
   231  0089                     _TRISE	set	137
   232  0088                     _TRISD	set	136
   233  0087                     _TRISC	set	135
   234  0086                     _TRISB	set	134
   235  0085                     _TRISA	set	133
   236  008F                     _OSCCONbits	set	143
   237  0188                     _ANSELbits	set	392
   238  0189                     _ANSELH	set	393
   239                           
   240                           	psect	cinit
   241  0011                     start_initialization:	
   242                           ; #config settings
   243                           
   244  0011                     __initialization:
   245                           
   246                           ; Clear objects allocated to COMMON
   247  0011  01F9               	clrf	__pbssCOMMON& (0+127)
   248  0012  01FA               	clrf	(__pbssCOMMON+1)& (0+127)
   249  0013  01FB               	clrf	(__pbssCOMMON+2)& (0+127)
   250  0014  01FC               	clrf	(__pbssCOMMON+3)& (0+127)
   251  0015  01FD               	clrf	(__pbssCOMMON+4)& (0+127)
   252                           
   253                           ; Clear objects allocated to BANK0
   254  0016  1283               	bcf	3,5	;RP0=0, select bank0
   255  0017  1303               	bcf	3,6	;RP1=0, select bank0
   256  0018  01A0               	clrf	__pbssBANK0& (0+127)
   257  0019  01A1               	clrf	(__pbssBANK0+1)& (0+127)
   258  001A  01A2               	clrf	(__pbssBANK0+2)& (0+127)
   259  001B  01A3               	clrf	(__pbssBANK0+3)& (0+127)
   260  001C  01A4               	clrf	(__pbssBANK0+4)& (0+127)
   261  001D  01A5               	clrf	(__pbssBANK0+5)& (0+127)
   262  001E  01A6               	clrf	(__pbssBANK0+6)& (0+127)
   263  001F                     end_of_initialization:	
   264                           ;End of C runtime variable initialization code
   265                           
   266  001F                     __end_of__initialization:
   267  001F  0183               	clrf	3
   268  0020  120A  118A  29E3   	ljmp	_main	;jump to C main() function
   269                           
   270                           	psect	bssCOMMON
   271  0079                     __pbssCOMMON:
   272  0079                     _contpot0:
   273  0079                     	ds	1
   274  007A                     _potbang3:
   275  007A                     	ds	1
   276  007B                     _potbang2:
   277  007B                     	ds	1
   278  007C                     _potbang1:
   279  007C                     	ds	1
   280  007D                     _potbang0:
   281  007D                     	ds	1
   282                           
   283                           	psect	bssBANK0
   284  0020                     __pbssBANK0:
   285  0020                     _habcont3:
   286  0020                     	ds	1
   287  0021                     _habcont2:
   288  0021                     	ds	1
   289  0022                     _habcont1:
   290  0022                     	ds	1
   291  0023                     _habcont0:
   292  0023                     	ds	1
   293  0024                     _contpot3:
   294  0024                     	ds	1
   295  0025                     _contpot2:
   296  0025                     	ds	1
   297  0026                     _contpot1:
   298  0026                     	ds	1
   299                           
   300                           	psect	cstackCOMMON
   301  0070                     __pcstackCOMMON:
   302  0070                     ?_numresets:
   303  0070                     ??_numresets:	
   304                           ; 1 bytes @ 0x0
   305                           
   306  0070                     ?_isr:	
   307                           ; 1 bytes @ 0x0
   308                           
   309  0070                     ?_main:	
   310                           ; 1 bytes @ 0x0
   311                           
   312                           
   313                           ; 1 bytes @ 0x0
   314  0070                     	ds	1
   315  0071                     numresets@tmr0resets:
   316                           
   317                           ; 1 bytes @ 0x1
   318  0071                     	ds	1
   319  0072                     numresets@potbang:
   320                           
   321                           ; 1 bytes @ 0x2
   322  0072                     	ds	1
   323  0073                     ??_isr:
   324                           
   325                           ; 1 bytes @ 0x3
   326  0073                     	ds	6
   327                           
   328                           	psect	cstackBANK0
   329  0027                     __pcstackBANK0:
   330  0027                     ??_main:
   331                           
   332                           ; 1 bytes @ 0x0
   333  0027                     	ds	1
   334                           
   335                           	psect	maintext
   336  01E3                     __pmaintext:	
   337 ;;
   338 ;;Main: autosize = 0, tempsize = 1, incstack = 0, save=0
   339 ;;
   340 ;; *************** function _main *****************
   341 ;; Defined at:
   342 ;;		line 171 in file "fisico.c"
   343 ;; Parameters:    Size  Location     Type
   344 ;;		None
   345 ;; Auto vars:     Size  Location     Type
   346 ;;		None
   347 ;; Return value:  Size  Location     Type
   348 ;;                  1    wreg      void 
   349 ;; Registers used:
   350 ;;		wreg, status,2, status,0
   351 ;; Tracked objects:
   352 ;;		On entry : B00/0
   353 ;;		On exit  : 0/0
   354 ;;		Unchanged: 0/0
   355 ;; Data sizes:     COMMON   BANK0   BANK1   BANK3   BANK2
   356 ;;      Params:         0       0       0       0       0
   357 ;;      Locals:         0       0       0       0       0
   358 ;;      Temps:          0       1       0       0       0
   359 ;;      Totals:         0       1       0       0       0
   360 ;;Total ram usage:        1 bytes
   361 ;; Hardware stack levels required when called:    2
   362 ;; This function calls:
   363 ;;		Nothing
   364 ;; This function is called by:
   365 ;;		Startup code after reset
   366 ;; This function uses a non-reentrant model
   367 ;;
   368                           
   369                           
   370                           ;psect for function _main
   371  01E3                     _main:
   372  01E3                     l1221:	
   373                           ;incstack = 0
   374                           ; Regs used in _main: [wreg+status,2+status,0]
   375                           
   376                           
   377                           ;fisico.c: 174: 
   378  01E3  3070               	movlw	112
   379  01E4  1683               	bsf	3,5	;RP0=1, select bank1
   380  01E5  1303               	bcf	3,6	;RP1=0, select bank1
   381  01E6  048F               	iorwf	15,f	;volatile
   382  01E7                     l1223:
   383                           
   384                           ;fisico.c: 175:     ADCON0bits.ADCS = 2;
   385  01E7  140F               	bsf	15,0	;volatile
   386  01E8                     l1225:
   387                           
   388                           ;fisico.c: 177:     ADCON1bits.VCFG1 = 0;
   389  01E8  1683               	bsf	3,5	;RP0=1, select bank3
   390  01E9  1703               	bsf	3,6	;RP1=1, select bank3
   391  01EA  0189               	clrf	9	;volatile
   392  01EB                     l1227:
   393                           
   394                           ;fisico.c: 178:     ADCON1bits.VCFG0 = 0;
   395  01EB  1408               	bsf	8,0	;volatile
   396  01EC                     l1229:
   397                           
   398                           ;fisico.c: 179:     ADCON1bits.ADFM = 0;
   399  01EC  1488               	bsf	8,1	;volatile
   400  01ED                     l1231:
   401                           
   402                           ;fisico.c: 180:     ADCON0bits.ADON = 1;
   403  01ED  1508               	bsf	8,2	;volatile
   404  01EE                     l1233:
   405                           
   406                           ;fisico.c: 181:     _delay((unsigned long)((50)*(8000000/4000000.0)));
   407  01EE  1588               	bsf	8,3	;volatile
   408  01EF                     l1235:
   409                           
   410                           ;fisico.c: 182: 
   411  01EF  1608               	bsf	8,4	;volatile
   412  01F0                     l1237:
   413                           
   414                           ;fisico.c: 183: 
   415  01F0  1688               	bsf	8,5	;volatile
   416  01F1                     l1239:
   417                           
   418                           ;fisico.c: 184:     TRISCbits.TRISC2 = 1;
   419  01F1  307F               	movlw	127
   420  01F2  1683               	bsf	3,5	;RP0=1, select bank1
   421  01F3  1303               	bcf	3,6	;RP1=0, select bank1
   422  01F4  0085               	movwf	5	;volatile
   423  01F5                     l1241:
   424                           
   425                           ;fisico.c: 185:     PR2 = 250;
   426  01F5  0186               	clrf	6	;volatile
   427  01F6                     l1243:
   428                           
   429                           ;fisico.c: 186:     CCP1CONbits.P1M = 0;
   430  01F6  0187               	clrf	7	;volatile
   431  01F7                     l1245:
   432                           
   433                           ;fisico.c: 187:     CCP1CONbits.CCP1M = 0b1100;
   434  01F7  0188               	clrf	8	;volatile
   435  01F8                     l1247:
   436                           
   437                           ;fisico.c: 188:     CCPR1L = 0x0f;
   438  01F8  3001               	movlw	1
   439  01F9  0089               	movwf	9	;volatile
   440  01FA                     l1249:
   441                           
   442                           ;fisico.c: 189:     CCP1CONbits.DC1B = 0;
   443  01FA  1283               	bcf	3,5	;RP0=0, select bank0
   444  01FB  1303               	bcf	3,6	;RP1=0, select bank0
   445  01FC  0185               	clrf	5	;volatile
   446  01FD                     l1251:
   447                           
   448                           ;fisico.c: 190: 
   449  01FD  0186               	clrf	6	;volatile
   450  01FE                     l1253:
   451                           
   452                           ;fisico.c: 191:     TRISCbits.TRISC1 = 1;
   453  01FE  0187               	clrf	7	;volatile
   454  01FF                     l1255:
   455                           
   456                           ;fisico.c: 192:     CCP2CONbits.CCP2M = 0b1100;
   457  01FF  0188               	clrf	8	;volatile
   458  0200                     l1257:
   459                           
   460                           ;fisico.c: 193:     CCPR2L = 0x0f;
   461  0200  0189               	clrf	9	;volatile
   462  0201                     l1259:
   463                           
   464                           ;fisico.c: 194:     CCP2CONbits.DC2B1 = 0;
   465  0201  01F9               	clrf	_contpot0
   466  0202                     l1261:
   467                           
   468                           ;fisico.c: 195: 
   469  0202  01A6               	clrf	_contpot1
   470  0203                     l1263:
   471                           
   472                           ;fisico.c: 196:     OPTION_REGbits.T0CS = 0;
   473  0203  01A5               	clrf	_contpot2
   474  0204                     l1265:
   475                           
   476                           ;fisico.c: 197:     OPTION_REGbits.PSA = 0;
   477  0204  01A4               	clrf	_contpot3
   478  0205                     l1267:
   479                           
   480                           ;fisico.c: 198:     OPTION_REGbits.PS = 0;
   481  0205  01FD               	clrf	_potbang0
   482  0206                     l1269:
   483                           
   484                           ;fisico.c: 199: 
   485  0206  01FC               	clrf	_potbang1
   486  0207                     l1271:
   487                           
   488                           ;fisico.c: 200:     TMR0 = 234;
   489  0207  01FB               	clrf	_potbang2
   490  0208                     l1273:
   491                           
   492                           ;fisico.c: 201:     INTCONbits.T0IF = 0;
   493  0208  01FA               	clrf	_potbang3
   494  0209                     l1275:
   495                           
   496                           ;fisico.c: 203:     TMR1L = 192;
   497  0209  081F               	movf	31,w	;volatile
   498  020A  393F               	andlw	-193
   499  020B  3880               	iorlw	128
   500  020C  009F               	movwf	31	;volatile
   501  020D                     l1277:
   502                           
   503                           ;fisico.c: 204:     TMR1H = 99;
   504  020D  111F               	bcf	31,2	;volatile
   505  020E                     l1279:
   506                           
   507                           ;fisico.c: 205:     T1CONbits.T1CKPS = 3;
   508  020E  1683               	bsf	3,5	;RP0=1, select bank1
   509  020F  1303               	bcf	3,6	;RP1=0, select bank1
   510  0210  129F               	bcf	31,5	;volatile
   511  0211                     l1281:
   512                           
   513                           ;fisico.c: 206:     T1CONbits.TMR1CS = 0;
   514  0211  121F               	bcf	31,4	;volatile
   515  0212                     l1283:
   516                           
   517                           ;fisico.c: 207:     T1CONbits.TMR1ON = 1;
   518  0212  139F               	bcf	31,7	;volatile
   519  0213                     l1285:
   520                           
   521                           ;fisico.c: 208:     PIR1bits.TMR1IF = 0;
   522  0213  1283               	bcf	3,5	;RP0=0, select bank0
   523  0214  1303               	bcf	3,6	;RP1=0, select bank0
   524  0215  141F               	bsf	31,0	;volatile
   525  0216                     l1287:
   526                           
   527                           ;fisico.c: 209: 
   528  0216  3020               	movlw	32
   529  0217  1283               	bcf	3,5	;RP0=0, select bank0
   530  0218  1303               	bcf	3,6	;RP1=0, select bank0
   531  0219  00A7               	movwf	??_main
   532  021A                     u697:
   533  021A  0BA7               	decfsz	??_main,f
   534  021B  2A1A               	goto	u697
   535  021C  0000               	nop
   536  021D                     l1289:
   537                           
   538                           ;fisico.c: 212:     T2CONbits.TMR2ON = 1;
   539  021D  1683               	bsf	3,5	;RP0=1, select bank1
   540  021E  1303               	bcf	3,6	;RP1=0, select bank1
   541  021F  1507               	bsf	7,2	;volatile
   542  0220                     l1291:
   543                           
   544                           ;fisico.c: 213:     while(PIR1bits.TMR2IF == 0);
   545  0220  30FA               	movlw	250
   546  0221  0092               	movwf	18	;volatile
   547  0222                     l1293:
   548                           
   549                           ;fisico.c: 214:     PIR1bits.TMR2IF = 0;
   550  0222  303F               	movlw	-193
   551  0223  1283               	bcf	3,5	;RP0=0, select bank0
   552  0224  1303               	bcf	3,6	;RP1=0, select bank0
   553  0225  0597               	andwf	23,f	;volatile
   554  0226                     l1295:
   555                           
   556                           ;fisico.c: 215:     TRISCbits.TRISC2 = 0;
   557  0226  0817               	movf	23,w	;volatile
   558  0227  39F0               	andlw	-16
   559  0228  380C               	iorlw	12
   560  0229  0097               	movwf	23	;volatile
   561  022A                     l1297:
   562                           
   563                           ;fisico.c: 216:     TRISCbits.TRISC1 = 0;
   564  022A  300F               	movlw	15
   565  022B  0095               	movwf	21	;volatile
   566  022C                     l1299:
   567                           
   568                           ;fisico.c: 217: 
   569  022C  30CF               	movlw	-49
   570  022D  0597               	andwf	23,f	;volatile
   571  022E                     l1301:
   572                           
   573                           ;fisico.c: 219:     PIE1bits.TMR1IE = 1;
   574  022E  1683               	bsf	3,5	;RP0=1, select bank1
   575  022F  1303               	bcf	3,6	;RP1=0, select bank1
   576  0230  1487               	bsf	7,1	;volatile
   577  0231                     l1303:
   578                           
   579                           ;fisico.c: 220:     PIR1bits.ADIF = 0;
   580  0231  1283               	bcf	3,5	;RP0=0, select bank0
   581  0232  1303               	bcf	3,6	;RP1=0, select bank0
   582  0233  081D               	movf	29,w	;volatile
   583  0234  39F0               	andlw	-16
   584  0235  380C               	iorlw	12
   585  0236  009D               	movwf	29	;volatile
   586  0237                     l1305:
   587                           
   588                           ;fisico.c: 221:     PIE1bits.ADIE = 1;
   589  0237  300F               	movlw	15
   590  0238  009B               	movwf	27	;volatile
   591  0239                     l1307:
   592                           
   593                           ;fisico.c: 222:     INTCONbits.PEIE = 1;
   594  0239  129D               	bcf	29,5	;volatile
   595  023A                     l1309:
   596                           
   597                           ;fisico.c: 224:     ADCON0bits.GO = 1;
   598  023A  1683               	bsf	3,5	;RP0=1, select bank1
   599  023B  1303               	bcf	3,6	;RP1=0, select bank1
   600  023C  1281               	bcf	1,5	;volatile
   601  023D                     l1311:
   602                           
   603                           ;fisico.c: 225:     while (1){}
   604  023D  1181               	bcf	1,3	;volatile
   605  023E                     l1313:
   606                           
   607                           ;fisico.c: 226: }
   608  023E  30F8               	movlw	-8
   609  023F  0581               	andwf	1,f	;volatile
   610  0240                     l1315:
   611  0240  30EA               	movlw	234
   612  0241  1283               	bcf	3,5	;RP0=0, select bank0
   613  0242  1303               	bcf	3,6	;RP1=0, select bank0
   614  0243  0081               	movwf	1	;volatile
   615  0244                     l1317:
   616  0244  110B               	bcf	11,2	;volatile
   617  0245                     l1319:
   618  0245  30C0               	movlw	192
   619  0246  008E               	movwf	14	;volatile
   620  0247                     l1321:
   621  0247  3063               	movlw	99
   622  0248  008F               	movwf	15	;volatile
   623  0249                     l1323:
   624  0249  3030               	movlw	48
   625  024A  0490               	iorwf	16,f	;volatile
   626  024B                     l1325:
   627  024B  1090               	bcf	16,1	;volatile
   628  024C                     l1327:
   629  024C  1410               	bsf	16,0	;volatile
   630  024D                     l1329:
   631  024D  100C               	bcf	12,0	;volatile
   632  024E                     l1331:
   633  024E  108C               	bcf	12,1	;volatile
   634  024F                     l1333:
   635  024F  3003               	movlw	3
   636  0250  0492               	iorwf	18,f	;volatile
   637  0251                     l1335:
   638  0251  1512               	bsf	18,2	;volatile
   639  0252                     l147:
   640  0252  1C8C               	btfss	12,1	;volatile
   641  0253  2A55               	goto	u681
   642  0254  2A56               	goto	u680
   643  0255                     u681:
   644  0255  2A52               	goto	l147
   645  0256                     u680:
   646  0256                     l149:
   647  0256  108C               	bcf	12,1	;volatile
   648  0257  1683               	bsf	3,5	;RP0=1, select bank1
   649  0258  1303               	bcf	3,6	;RP1=0, select bank1
   650  0259  1107               	bcf	7,2	;volatile
   651  025A  1087               	bcf	7,1	;volatile
   652  025B  168B               	bsf	11,5	;volatile
   653  025C  140C               	bsf	12,0	;volatile
   654  025D  1283               	bcf	3,5	;RP0=0, select bank0
   655  025E  1303               	bcf	3,6	;RP1=0, select bank0
   656  025F  130C               	bcf	12,6	;volatile
   657  0260  1683               	bsf	3,5	;RP0=1, select bank1
   658  0261  1303               	bcf	3,6	;RP1=0, select bank1
   659  0262  170C               	bsf	12,6	;volatile
   660  0263  170B               	bsf	11,6	;volatile
   661  0264  178B               	bsf	11,7	;volatile
   662  0265  1283               	bcf	3,5	;RP0=0, select bank0
   663  0266  1303               	bcf	3,6	;RP1=0, select bank0
   664  0267  149F               	bsf	31,1	;volatile
   665  0268                     l150:
   666  0268                     l151:
   667  0268  2A68               	goto	l150
   668  0269  120A  118A  280E   	ljmp	start
   669  026C                     __end_of_main:
   670                           
   671                           	psect	text1
   672  0023                     __ptext1:	
   673 ;; *************** function _isr *****************
   674 ;; Defined at:
   675 ;;		line 87 in file "fisico.c"
   676 ;; Parameters:    Size  Location     Type
   677 ;;		None
   678 ;; Auto vars:     Size  Location     Type
   679 ;;		None
   680 ;; Return value:  Size  Location     Type
   681 ;;                  1    wreg      void 
   682 ;; Registers used:
   683 ;;		wreg, fsr0l, fsr0h, status,2, status,0, pclath, cstack
   684 ;; Tracked objects:
   685 ;;		On entry : 0/0
   686 ;;		On exit  : 0/0
   687 ;;		Unchanged: 0/0
   688 ;; Data sizes:     COMMON   BANK0   BANK1   BANK3   BANK2
   689 ;;      Params:         0       0       0       0       0
   690 ;;      Locals:         0       0       0       0       0
   691 ;;      Temps:          6       0       0       0       0
   692 ;;      Totals:         6       0       0       0       0
   693 ;;Total ram usage:        6 bytes
   694 ;; Hardware stack levels used:    1
   695 ;; Hardware stack levels required when called:    1
   696 ;; This function calls:
   697 ;;		_numresets
   698 ;; This function is called by:
   699 ;;		Interrupt level 1
   700 ;; This function uses a non-reentrant model
   701 ;;
   702                           
   703                           
   704                           ;psect for function _isr
   705  0023                     _isr:
   706  0023                     i1l1121:
   707                           
   708                           ;fisico.c: 89: 
   709  0023  1283               	bcf	3,5	;RP0=0, select bank0
   710  0024  1303               	bcf	3,6	;RP1=0, select bank0
   711  0025  1F0C               	btfss	12,6	;volatile
   712  0026  2828               	goto	u57_21
   713  0027  2829               	goto	u57_20
   714  0028                     u57_21:
   715  0028  28B3               	goto	i1l1157
   716  0029                     u57_20:
   717  0029  288C               	goto	i1l1149
   718  002A                     i1l1125:
   719                           
   720                           ;fisico.c: 93:                 break;
   721  002A  081E               	movf	30,w	;volatile
   722  002B  00F3               	movwf	??_isr
   723  002C  1003               	clrc
   724  002D  0C73               	rrf	??_isr,w
   725  002E  3E7C               	addlw	124
   726  002F  0095               	movwf	21	;volatile
   727                           
   728                           ;fisico.c: 94:         }
   729  0030  081F               	movf	31,w	;volatile
   730  0031  39C3               	andlw	-61
   731  0032  3804               	iorlw	4
   732  0033  009F               	movwf	31	;volatile
   733                           
   734                           ;fisico.c: 95:         _delay((unsigned long)((50)*(8000000/4000000.0)));
   735  0034  28AB               	goto	i1l1151
   736  0035                     i1l1127:
   737                           
   738                           ;fisico.c: 98:     }
   739  0035  081E               	movf	30,w	;volatile
   740  0036  00F3               	movwf	??_isr
   741  0037  1003               	clrc
   742  0038  0C73               	rrf	??_isr,w
   743  0039  3E7C               	addlw	124
   744  003A  009B               	movwf	27	;volatile
   745                           
   746                           ;fisico.c: 99:     if (INTCONbits.T0IF == 1){
   747  003B  081F               	movf	31,w	;volatile
   748  003C  39C3               	andlw	-61
   749  003D  3808               	iorlw	8
   750  003E  009F               	movwf	31	;volatile
   751                           
   752                           ;fisico.c: 100:         TMR0 = 234;
   753  003F  28AB               	goto	i1l1151
   754  0040                     i1l1129:
   755                           
   756                           ;fisico.c: 103:             habcont0 = 0;
   757  0040  081E               	movf	30,w	;volatile
   758  0041  00F3               	movwf	??_isr
   759  0042  1003               	clrc
   760  0043  0C73               	rrf	??_isr,w
   761  0044  120A  118A  2120  120A  118A  	fcall	_numresets
   762  0049  00F4               	movwf	??_isr+1
   763  004A  0874               	movf	??_isr+1,w
   764  004B  00FD               	movwf	_potbang0
   765  004C                     i1l1131:
   766                           
   767                           ;fisico.c: 104:             contpot0 = 0;}
   768  004C  1283               	bcf	3,5	;RP0=0, select bank0
   769  004D  1303               	bcf	3,6	;RP1=0, select bank0
   770  004E  081F               	movf	31,w	;volatile
   771  004F  39C3               	andlw	-61
   772  0050  380C               	iorlw	12
   773  0051  009F               	movwf	31	;volatile
   774  0052                     i1l1133:
   775                           
   776                           ;fisico.c: 105:         if (contpot1 == potbang1){
   777  0052  081E               	movf	30,w	;volatile
   778  0053  0086               	movwf	6	;volatile
   779                           
   780                           ;fisico.c: 106:             PORTDbits.RD1 = 0;
   781  0054  28AB               	goto	i1l1151
   782  0055                     i1l1135:
   783                           
   784                           ;fisico.c: 109:         if (contpot2 == potbang2){
   785  0055  081E               	movf	30,w	;volatile
   786  0056  00F3               	movwf	??_isr
   787  0057  1003               	clrc
   788  0058  0C73               	rrf	??_isr,w
   789  0059  120A  118A  2120  120A  118A  	fcall	_numresets
   790  005E  00F4               	movwf	??_isr+1
   791  005F  0874               	movf	??_isr+1,w
   792  0060  00FC               	movwf	_potbang1
   793  0061                     i1l1137:
   794                           
   795                           ;fisico.c: 110:             PORTDbits.RD2 = 0;
   796  0061  1283               	bcf	3,5	;RP0=0, select bank0
   797  0062  1303               	bcf	3,6	;RP1=0, select bank0
   798  0063  081F               	movf	31,w	;volatile
   799  0064  39C3               	andlw	-61
   800  0065  3810               	iorlw	16
   801  0066  009F               	movwf	31	;volatile
   802                           
   803                           ;fisico.c: 111:             habcont2 = 0;
   804  0067  28AB               	goto	i1l1151
   805  0068                     i1l1139:
   806                           
   807                           ;fisico.c: 114:             PORTDbits.RD3 = 0;
   808  0068  081E               	movf	30,w	;volatile
   809  0069  00F3               	movwf	??_isr
   810  006A  1003               	clrc
   811  006B  0C73               	rrf	??_isr,w
   812  006C  120A  118A  2120  120A  118A  	fcall	_numresets
   813  0071  00F4               	movwf	??_isr+1
   814  0072  0874               	movf	??_isr+1,w
   815  0073  00FB               	movwf	_potbang2
   816  0074                     i1l1141:
   817                           
   818                           ;fisico.c: 115:             habcont3 = 0;
   819  0074  1283               	bcf	3,5	;RP0=0, select bank0
   820  0075  1303               	bcf	3,6	;RP1=0, select bank0
   821  0076  081F               	movf	31,w	;volatile
   822  0077  39C3               	andlw	-61
   823  0078  3814               	iorlw	20
   824  0079  009F               	movwf	31	;volatile
   825                           
   826                           ;fisico.c: 116:             contpot3 = 0;}
   827  007A  28AB               	goto	i1l1151
   828  007B                     i1l1143:
   829                           
   830                           ;fisico.c: 119: 
   831  007B  081E               	movf	30,w	;volatile
   832  007C  00F3               	movwf	??_isr
   833  007D  1003               	clrc
   834  007E  0C73               	rrf	??_isr,w
   835  007F  120A  118A  2120  120A  118A  	fcall	_numresets
   836  0084  00F4               	movwf	??_isr+1
   837  0085  0874               	movf	??_isr+1,w
   838  0086  00FA               	movwf	_potbang3
   839  0087                     i1l1145:
   840                           
   841                           ;fisico.c: 120:         if (habcont1 == 1){
   842  0087  30C3               	movlw	-61
   843  0088  1283               	bcf	3,5	;RP0=0, select bank0
   844  0089  1303               	bcf	3,6	;RP1=0, select bank0
   845  008A  059F               	andwf	31,f	;volatile
   846                           
   847                           ;fisico.c: 121:             contpot1++;}
   848  008B  28AB               	goto	i1l1151
   849  008C                     i1l1149:
   850  008C  0C1F               	rrf	31,w	;volatile
   851  008D  00F3               	movwf	??_isr
   852  008E  0C73               	rrf	??_isr,w
   853  008F  390F               	andlw	15
   854  0090  00F4               	movwf	??_isr+1
   855  0091  01F5               	clrf	??_isr+2
   856                           
   857                           ; Switch on 2 bytes has been partitioned into a top level switch of size 1, and 1 sub-sw
      +                          itches
   858                           ; Switch size 1, requested type "simple"
   859                           ; Number of cases is 1, Range of values is 0 to 0
   860                           ; switch strategies available:
   861                           ; Name         Instructions Cycles
   862                           ; simple_byte            4     3 (average)
   863                           ; direct_byte           11     8 (fixed)
   864                           ; jumptable            260     6 (fixed)
   865                           ;	Chosen strategy is simple_byte
   866  0092  0875               	movf	??_isr+2,w
   867  0093  3A00               	xorlw	0	; case 0
   868  0094  1903               	skipnz
   869  0095  2897               	goto	i1l1357
   870  0096  28AB               	goto	i1l1151
   871  0097                     i1l1357:
   872                           
   873                           ; Switch size 1, requested type "simple"
   874                           ; Number of cases is 6, Range of values is 0 to 5
   875                           ; switch strategies available:
   876                           ; Name         Instructions Cycles
   877                           ; simple_byte           19    10 (average)
   878                           ; direct_byte           26     8 (fixed)
   879                           ; jumptable            260     6 (fixed)
   880                           ;	Chosen strategy is simple_byte
   881  0097  0874               	movf	??_isr+1,w
   882  0098  3A00               	xorlw	0	; case 0
   883  0099  1903               	skipnz
   884  009A  282A               	goto	i1l1125
   885  009B  3A01               	xorlw	1	; case 1
   886  009C  1903               	skipnz
   887  009D  2835               	goto	i1l1127
   888  009E  3A03               	xorlw	3	; case 2
   889  009F  1903               	skipnz
   890  00A0  2840               	goto	i1l1129
   891  00A1  3A01               	xorlw	1	; case 3
   892  00A2  1903               	skipnz
   893  00A3  2855               	goto	i1l1135
   894  00A4  3A07               	xorlw	7	; case 4
   895  00A5  1903               	skipnz
   896  00A6  2868               	goto	i1l1139
   897  00A7  3A01               	xorlw	1	; case 5
   898  00A8  1903               	skipnz
   899  00A9  287B               	goto	i1l1143
   900  00AA  28AB               	goto	i1l1151
   901  00AB                     i1l1151:
   902                           
   903                           ;fisico.c: 123:         if (habcont2 == 1){
   904  00AB  3021               	movlw	33
   905  00AC  00F3               	movwf	??_isr
   906  00AD                     u70_27:
   907  00AD  0BF3               	decfsz	??_isr,f
   908  00AE  28AD               	goto	u70_27
   909  00AF                     i1l1153:
   910                           
   911                           ;fisico.c: 124:             contpot2++;}
   912  00AF  1283               	bcf	3,5	;RP0=0, select bank0
   913  00B0  1303               	bcf	3,6	;RP1=0, select bank0
   914  00B1  130C               	bcf	12,6	;volatile
   915  00B2                     i1l1155:
   916                           
   917                           ;fisico.c: 125: 
   918  00B2  149F               	bsf	31,1	;volatile
   919  00B3                     i1l1157:
   920                           
   921                           ;fisico.c: 127:             contpot3++;}
   922  00B3  1D0B               	btfss	11,2	;volatile
   923  00B4  28B6               	goto	u58_21
   924  00B5  28B7               	goto	u58_20
   925  00B6                     u58_21:
   926  00B6  2902               	goto	i1l1195
   927  00B7                     u58_20:
   928  00B7                     i1l1159:
   929                           
   930                           ;fisico.c: 128:         INTCONbits.T0IF = 0;
   931  00B7  30EA               	movlw	234
   932  00B8  0081               	movwf	1	;volatile
   933                           
   934                           ;fisico.c: 129:     }
   935  00B9  0879               	movf	_contpot0,w
   936  00BA  067D               	xorwf	_potbang0,w
   937  00BB  1D03               	skipz
   938  00BC  28BE               	goto	u59_21
   939  00BD  28BF               	goto	u59_20
   940  00BE                     u59_21:
   941  00BE  28C2               	goto	i1l1165
   942  00BF                     u59_20:
   943  00BF                     i1l1161:
   944                           
   945                           ;fisico.c: 130:     if (PIR1bits.TMR1IF == 1){
   946  00BF  1008               	bcf	8,0	;volatile
   947  00C0                     i1l1163:
   948                           
   949                           ;fisico.c: 131:         TMR1L = 192;
   950  00C0  01A3               	clrf	_habcont0
   951                           
   952                           ;fisico.c: 132:         TMR1H = 99;
   953  00C1  01F9               	clrf	_contpot0
   954  00C2                     i1l1165:
   955                           
   956                           ;fisico.c: 133:         habcont0 = 1;
   957  00C2  0826               	movf	_contpot1,w
   958  00C3  067C               	xorwf	_potbang1,w
   959  00C4  1D03               	skipz
   960  00C5  28C7               	goto	u60_21
   961  00C6  28C8               	goto	u60_20
   962  00C7                     u60_21:
   963  00C7  28CB               	goto	i1l1171
   964  00C8                     u60_20:
   965  00C8                     i1l1167:
   966                           
   967                           ;fisico.c: 134:         habcont1 = 1;
   968  00C8  1088               	bcf	8,1	;volatile
   969  00C9                     i1l1169:
   970                           
   971                           ;fisico.c: 135:         habcont2 = 1;
   972  00C9  01A2               	clrf	_habcont1
   973                           
   974                           ;fisico.c: 136:         habcont3 = 1;
   975  00CA  01A6               	clrf	_contpot1
   976  00CB                     i1l1171:
   977                           
   978                           ;fisico.c: 137:         PORTDbits.RD0 = 1;
   979  00CB  0825               	movf	_contpot2,w
   980  00CC  067B               	xorwf	_potbang2,w
   981  00CD  1D03               	skipz
   982  00CE  28D0               	goto	u61_21
   983  00CF  28D1               	goto	u61_20
   984  00D0                     u61_21:
   985  00D0  28D4               	goto	i1l1177
   986  00D1                     u61_20:
   987  00D1                     i1l1173:
   988                           
   989                           ;fisico.c: 138:         PORTDbits.RD1 = 1;
   990  00D1  1108               	bcf	8,2	;volatile
   991  00D2                     i1l1175:
   992                           
   993                           ;fisico.c: 139:         PORTDbits.RD2 = 1;
   994  00D2  01A1               	clrf	_habcont2
   995                           
   996                           ;fisico.c: 140:         PORTDbits.RD3 = 1;
   997  00D3  01A5               	clrf	_contpot2
   998  00D4                     i1l1177:
   999                           
  1000                           ;fisico.c: 141:         PIR1bits.TMR1IF = 0;}}
  1001  00D4  0824               	movf	_contpot3,w
  1002  00D5  067A               	xorwf	_potbang3,w
  1003  00D6  1D03               	skipz
  1004  00D7  28D9               	goto	u62_21
  1005  00D8  28DA               	goto	u62_20
  1006  00D9                     u62_21:
  1007  00D9  28DD               	goto	i1l1183
  1008  00DA                     u62_20:
  1009  00DA                     i1l1179:
  1010                           
  1011                           ;fisico.c: 142: 
  1012  00DA  1188               	bcf	8,3	;volatile
  1013  00DB                     i1l1181:
  1014                           
  1015                           ;fisico.c: 143: void main(void) {
  1016  00DB  01A0               	clrf	_habcont3
  1017                           
  1018                           ;fisico.c: 144: 
  1019  00DC  01A4               	clrf	_contpot3
  1020  00DD                     i1l1183:
  1021                           
  1022                           ;fisico.c: 145: 
  1023  00DD  0323               	decf	_habcont0,w
  1024  00DE  1D03               	btfss	3,2
  1025  00DF  28E1               	goto	u63_21
  1026  00E0  28E2               	goto	u63_20
  1027  00E1                     u63_21:
  1028  00E1  28E6               	goto	i1l137
  1029  00E2                     u63_20:
  1030  00E2                     i1l1185:
  1031                           
  1032                           ;fisico.c: 146:     OSCCONbits.IRCF = 0b0111;
  1033  00E2  3001               	movlw	1
  1034  00E3  00F3               	movwf	??_isr
  1035  00E4  0873               	movf	??_isr,w
  1036  00E5  07F9               	addwf	_contpot0,f
  1037  00E6                     i1l137:
  1038                           
  1039                           ;fisico.c: 148: 
  1040  00E6  0322               	decf	_habcont1,w
  1041  00E7  1D03               	btfss	3,2
  1042  00E8  28EA               	goto	u64_21
  1043  00E9  28EB               	goto	u64_20
  1044  00EA                     u64_21:
  1045  00EA  28EF               	goto	i1l138
  1046  00EB                     u64_20:
  1047  00EB                     i1l1187:
  1048                           
  1049                           ;fisico.c: 149:     ANSELH = 0;
  1050  00EB  3001               	movlw	1
  1051  00EC  00F3               	movwf	??_isr
  1052  00ED  0873               	movf	??_isr,w
  1053  00EE  07A6               	addwf	_contpot1,f
  1054  00EF                     i1l138:
  1055                           
  1056                           ;fisico.c: 151:     ANSELbits.ANS1 = 1;
  1057  00EF  0321               	decf	_habcont2,w
  1058  00F0  1D03               	btfss	3,2
  1059  00F1  28F3               	goto	u65_21
  1060  00F2  28F4               	goto	u65_20
  1061  00F3                     u65_21:
  1062  00F3  28F8               	goto	i1l139
  1063  00F4                     u65_20:
  1064  00F4                     i1l1189:
  1065                           
  1066                           ;fisico.c: 152:     ANSELbits.ANS2 = 1;
  1067  00F4  3001               	movlw	1
  1068  00F5  00F3               	movwf	??_isr
  1069  00F6  0873               	movf	??_isr,w
  1070  00F7  07A5               	addwf	_contpot2,f
  1071  00F8                     i1l139:
  1072                           
  1073                           ;fisico.c: 154:     ANSELbits.ANS4 = 1;
  1074  00F8  0320               	decf	_habcont3,w
  1075  00F9  1D03               	btfss	3,2
  1076  00FA  28FC               	goto	u66_21
  1077  00FB  28FD               	goto	u66_20
  1078  00FC                     u66_21:
  1079  00FC  2901               	goto	i1l1193
  1080  00FD                     u66_20:
  1081  00FD                     i1l1191:
  1082                           
  1083                           ;fisico.c: 155:     ANSELbits.ANS5 = 1;
  1084  00FD  3001               	movlw	1
  1085  00FE  00F3               	movwf	??_isr
  1086  00FF  0873               	movf	??_isr,w
  1087  0100  07A4               	addwf	_contpot3,f
  1088  0101                     i1l1193:
  1089                           
  1090                           ;fisico.c: 156:     TRISA = 0b1111111;
  1091  0101  110B               	bcf	11,2	;volatile
  1092  0102                     i1l1195:
  1093                           
  1094                           ;fisico.c: 158:     TRISC = 0;
  1095  0102  1C0C               	btfss	12,0	;volatile
  1096  0103  2905               	goto	u67_21
  1097  0104  2906               	goto	u67_20
  1098  0105                     u67_21:
  1099  0105  2917               	goto	i1l142
  1100  0106                     u67_20:
  1101  0106                     i1l1197:
  1102                           
  1103                           ;fisico.c: 159:     TRISD = 0;
  1104  0106  30C0               	movlw	192
  1105  0107  008E               	movwf	14	;volatile
  1106                           
  1107                           ;fisico.c: 160:     TRISE = 1;
  1108  0108  3063               	movlw	99
  1109  0109  008F               	movwf	15	;volatile
  1110  010A                     i1l1199:
  1111                           
  1112                           ;fisico.c: 161:     PORTA = 0;
  1113  010A  01A3               	clrf	_habcont0
  1114  010B  0AA3               	incf	_habcont0,f
  1115  010C                     i1l1201:
  1116                           
  1117                           ;fisico.c: 162:     PORTB = 0;
  1118  010C  01A2               	clrf	_habcont1
  1119  010D  0AA2               	incf	_habcont1,f
  1120  010E                     i1l1203:
  1121                           
  1122                           ;fisico.c: 163:     PORTC = 0;
  1123  010E  01A1               	clrf	_habcont2
  1124  010F  0AA1               	incf	_habcont2,f
  1125  0110                     i1l1205:
  1126                           
  1127                           ;fisico.c: 164:     PORTD = 0;
  1128  0110  01A0               	clrf	_habcont3
  1129  0111  0AA0               	incf	_habcont3,f
  1130  0112                     i1l1207:
  1131                           
  1132                           ;fisico.c: 165:     PORTE = 0;
  1133  0112  1408               	bsf	8,0	;volatile
  1134  0113                     i1l1209:
  1135                           
  1136                           ;fisico.c: 166:     contpot0 = 0;
  1137  0113  1488               	bsf	8,1	;volatile
  1138  0114                     i1l1211:
  1139                           
  1140                           ;fisico.c: 167:     contpot1 = 0;
  1141  0114  1508               	bsf	8,2	;volatile
  1142  0115                     i1l1213:
  1143                           
  1144                           ;fisico.c: 168:     contpot2 = 0;
  1145  0115  1588               	bsf	8,3	;volatile
  1146  0116                     i1l1215:
  1147                           
  1148                           ;fisico.c: 169:     contpot3 = 0;
  1149  0116  100C               	bcf	12,0	;volatile
  1150  0117                     i1l142:
  1151  0117  0878               	movf	??_isr+5,w
  1152  0118  008A               	movwf	10
  1153  0119  0877               	movf	??_isr+4,w
  1154  011A  0084               	movwf	4
  1155  011B  0E76               	swapf	??_isr+3,w
  1156  011C  0083               	movwf	3
  1157  011D  0EFE               	swapf	btemp,f
  1158  011E  0E7E               	swapf	btemp,w
  1159  011F  0009               	retfie
  1160  0120                     __end_of_isr:
  1161                           
  1162                           	psect	intentry
  1163  0004                     __pintentry:	
  1164                           ;incstack = 0
  1165                           ; Regs used in _isr: [wreg-fsr0h+status,2+status,0+pclath+cstack]
  1166                           
  1167  0004                     interrupt_function:
  1168  007E                     saved_w	set	btemp
  1169  0004  00FE               	movwf	btemp
  1170  0005  0E03               	swapf	3,w
  1171  0006  00F6               	movwf	??_isr+3
  1172  0007  0804               	movf	4,w
  1173  0008  00F7               	movwf	??_isr+4
  1174  0009  080A               	movf	10,w
  1175  000A  00F8               	movwf	??_isr+5
  1176  000B  120A  118A  2823   	ljmp	_isr
  1177                           
  1178                           	psect	text2
  1179  0120                     __ptext2:	
  1180 ;; *************** function _numresets *****************
  1181 ;; Defined at:
  1182 ;;		line 34 in file "fisico.c"
  1183 ;; Parameters:    Size  Location     Type
  1184 ;;  potbang         1    wreg     unsigned char 
  1185 ;; Auto vars:     Size  Location     Type
  1186 ;;  potbang         1    2[COMMON] unsigned char 
  1187 ;;  tmr0resets      1    1[COMMON] unsigned char 
  1188 ;; Return value:  Size  Location     Type
  1189 ;;                  1    wreg      unsigned char 
  1190 ;; Registers used:
  1191 ;;		wreg
  1192 ;; Tracked objects:
  1193 ;;		On entry : 0/0
  1194 ;;		On exit  : 0/0
  1195 ;;		Unchanged: 0/0
  1196 ;; Data sizes:     COMMON   BANK0   BANK1   BANK3   BANK2
  1197 ;;      Params:         0       0       0       0       0
  1198 ;;      Locals:         2       0       0       0       0
  1199 ;;      Temps:          1       0       0       0       0
  1200 ;;      Totals:         3       0       0       0       0
  1201 ;;Total ram usage:        3 bytes
  1202 ;; Hardware stack levels used:    1
  1203 ;; This function calls:
  1204 ;;		Nothing
  1205 ;; This function is called by:
  1206 ;;		_isr
  1207 ;; This function uses a non-reentrant model
  1208 ;;
  1209                           
  1210                           
  1211                           ;psect for function _numresets
  1212  0120                     _numresets:
  1213                           
  1214                           ;incstack = 0
  1215                           ; Regs used in _numresets: [wreg]
  1216                           ;numresets@potbang stored from wreg
  1217  0120  00F2               	movwf	numresets@potbang
  1218  0121                     i1l1051:
  1219                           
  1220                           ;fisico.c: 35:     };fisico.c: 36:     else if (potbang > 140 && potbang <= 160)
  1221  0121  3015               	movlw	21
  1222  0122  0272               	subwf	numresets@potbang,w
  1223  0123  1803               	skipnc
  1224  0124  2926               	goto	u35_21
  1225  0125  2927               	goto	u35_20
  1226  0126                     u35_21:
  1227  0126  292C               	goto	i1l1055
  1228  0127                     u35_20:
  1229  0127                     i1l1053:
  1230                           
  1231                           ;fisico.c: 37:     {;fisico.c: 38:         tmr0resets = 9;
  1232  0127  3002               	movlw	2
  1233  0128  00F0               	movwf	??_numresets
  1234  0129  0870               	movf	??_numresets,w
  1235  012A  00F1               	movwf	numresets@tmr0resets
  1236                           
  1237                           ;fisico.c: 39:     }
  1238  012B  29E1               	goto	i1l96
  1239  012C                     i1l1055:
  1240  012C  3015               	movlw	21
  1241  012D  0272               	subwf	numresets@potbang,w
  1242  012E  1C03               	skipc
  1243  012F  2931               	goto	u36_21
  1244  0130  2932               	goto	u36_20
  1245  0131                     u36_21:
  1246  0131  293D               	goto	i1l1061
  1247  0132                     u36_20:
  1248  0132                     i1l1057:
  1249  0132  3029               	movlw	41
  1250  0133  0272               	subwf	numresets@potbang,w
  1251  0134  1803               	skipnc
  1252  0135  2937               	goto	u37_21
  1253  0136  2938               	goto	u37_20
  1254  0137                     u37_21:
  1255  0137  293D               	goto	i1l1061
  1256  0138                     u37_20:
  1257  0138                     i1l1059:
  1258                           
  1259                           ;fisico.c: 41:     {;fisico.c: 42:         tmr0resets = 10;
  1260  0138  3003               	movlw	3
  1261  0139  00F0               	movwf	??_numresets
  1262  013A  0870               	movf	??_numresets,w
  1263  013B  00F1               	movwf	numresets@tmr0resets
  1264                           
  1265                           ;fisico.c: 43:     }
  1266  013C  29E1               	goto	i1l96
  1267  013D                     i1l1061:
  1268  013D  3029               	movlw	41
  1269  013E  0272               	subwf	numresets@potbang,w
  1270  013F  1C03               	skipc
  1271  0140  2942               	goto	u38_21
  1272  0141  2943               	goto	u38_20
  1273  0142                     u38_21:
  1274  0142  294E               	goto	i1l1067
  1275  0143                     u38_20:
  1276  0143                     i1l1063:
  1277  0143  303D               	movlw	61
  1278  0144  0272               	subwf	numresets@potbang,w
  1279  0145  1803               	skipnc
  1280  0146  2948               	goto	u39_21
  1281  0147  2949               	goto	u39_20
  1282  0148                     u39_21:
  1283  0148  294E               	goto	i1l1067
  1284  0149                     u39_20:
  1285  0149                     i1l1065:
  1286                           
  1287                           ;fisico.c: 45:     {;fisico.c: 46:         tmr0resets = 11;
  1288  0149  3004               	movlw	4
  1289  014A  00F0               	movwf	??_numresets
  1290  014B  0870               	movf	??_numresets,w
  1291  014C  00F1               	movwf	numresets@tmr0resets
  1292                           
  1293                           ;fisico.c: 47:     }
  1294  014D  29E1               	goto	i1l96
  1295  014E                     i1l1067:
  1296  014E  303D               	movlw	61
  1297  014F  0272               	subwf	numresets@potbang,w
  1298  0150  1C03               	skipc
  1299  0151  2953               	goto	u40_21
  1300  0152  2954               	goto	u40_20
  1301  0153                     u40_21:
  1302  0153  295F               	goto	i1l1073
  1303  0154                     u40_20:
  1304  0154                     i1l1069:
  1305  0154  3051               	movlw	81
  1306  0155  0272               	subwf	numresets@potbang,w
  1307  0156  1803               	skipnc
  1308  0157  2959               	goto	u41_21
  1309  0158  295A               	goto	u41_20
  1310  0159                     u41_21:
  1311  0159  295F               	goto	i1l1073
  1312  015A                     u41_20:
  1313  015A                     i1l1071:
  1314                           
  1315                           ;fisico.c: 49:     {;fisico.c: 50:         tmr0resets = 12;
  1316  015A  3005               	movlw	5
  1317  015B  00F0               	movwf	??_numresets
  1318  015C  0870               	movf	??_numresets,w
  1319  015D  00F1               	movwf	numresets@tmr0resets
  1320                           
  1321                           ;fisico.c: 51:     }
  1322  015E  29E1               	goto	i1l96
  1323  015F                     i1l1073:
  1324  015F  3051               	movlw	81
  1325  0160  0272               	subwf	numresets@potbang,w
  1326  0161  1C03               	skipc
  1327  0162  2964               	goto	u42_21
  1328  0163  2965               	goto	u42_20
  1329  0164                     u42_21:
  1330  0164  2970               	goto	i1l1079
  1331  0165                     u42_20:
  1332  0165                     i1l1075:
  1333  0165  3065               	movlw	101
  1334  0166  0272               	subwf	numresets@potbang,w
  1335  0167  1803               	skipnc
  1336  0168  296A               	goto	u43_21
  1337  0169  296B               	goto	u43_20
  1338  016A                     u43_21:
  1339  016A  2970               	goto	i1l1079
  1340  016B                     u43_20:
  1341  016B                     i1l1077:
  1342                           
  1343                           ;fisico.c: 53:     {;fisico.c: 54:         tmr0resets = 13;
  1344  016B  3006               	movlw	6
  1345  016C  00F0               	movwf	??_numresets
  1346  016D  0870               	movf	??_numresets,w
  1347  016E  00F1               	movwf	numresets@tmr0resets
  1348                           
  1349                           ;fisico.c: 55:     }
  1350  016F  29E1               	goto	i1l96
  1351  0170                     i1l1079:
  1352  0170  3065               	movlw	101
  1353  0171  0272               	subwf	numresets@potbang,w
  1354  0172  1C03               	skipc
  1355  0173  2975               	goto	u44_21
  1356  0174  2976               	goto	u44_20
  1357  0175                     u44_21:
  1358  0175  2981               	goto	i1l1085
  1359  0176                     u44_20:
  1360  0176                     i1l1081:
  1361  0176  3079               	movlw	121
  1362  0177  0272               	subwf	numresets@potbang,w
  1363  0178  1803               	skipnc
  1364  0179  297B               	goto	u45_21
  1365  017A  297C               	goto	u45_20
  1366  017B                     u45_21:
  1367  017B  2981               	goto	i1l1085
  1368  017C                     u45_20:
  1369  017C                     i1l1083:
  1370                           
  1371                           ;fisico.c: 57: };fisico.c: 58: 
  1372  017C  3007               	movlw	7
  1373  017D  00F0               	movwf	??_numresets
  1374  017E  0870               	movf	??_numresets,w
  1375  017F  00F1               	movwf	numresets@tmr0resets
  1376                           
  1377                           ;fisico.c: 59: void __attribute__((picinterrupt(("")))) isr(void){
  1378  0180  29E1               	goto	i1l96
  1379  0181                     i1l1085:
  1380  0181  3079               	movlw	121
  1381  0182  0272               	subwf	numresets@potbang,w
  1382  0183  1C03               	skipc
  1383  0184  2986               	goto	u46_21
  1384  0185  2987               	goto	u46_20
  1385  0186                     u46_21:
  1386  0186  2992               	goto	i1l1091
  1387  0187                     u46_20:
  1388  0187                     i1l1087:
  1389  0187  308D               	movlw	141
  1390  0188  0272               	subwf	numresets@potbang,w
  1391  0189  1803               	skipnc
  1392  018A  298C               	goto	u47_21
  1393  018B  298D               	goto	u47_20
  1394  018C                     u47_21:
  1395  018C  2992               	goto	i1l1091
  1396  018D                     u47_20:
  1397  018D                     i1l1089:
  1398                           
  1399                           ;fisico.c: 61:     if (ADIF == 1) {;fisico.c: 62: 
  1400  018D  3008               	movlw	8
  1401  018E  00F0               	movwf	??_numresets
  1402  018F  0870               	movf	??_numresets,w
  1403  0190  00F1               	movwf	numresets@tmr0resets
  1404                           
  1405                           ;fisico.c: 63:         switch (ADCON0bits.CHS){
  1406  0191  29E1               	goto	i1l96
  1407  0192                     i1l1091:
  1408  0192  308D               	movlw	141
  1409  0193  0272               	subwf	numresets@potbang,w
  1410  0194  1C03               	skipc
  1411  0195  2997               	goto	u48_21
  1412  0196  2998               	goto	u48_20
  1413  0197                     u48_21:
  1414  0197  29A3               	goto	i1l1097
  1415  0198                     u48_20:
  1416  0198                     i1l1093:
  1417  0198  30A1               	movlw	161
  1418  0199  0272               	subwf	numresets@potbang,w
  1419  019A  1803               	skipnc
  1420  019B  299D               	goto	u49_21
  1421  019C  299E               	goto	u49_20
  1422  019D                     u49_21:
  1423  019D  29A3               	goto	i1l1097
  1424  019E                     u49_20:
  1425  019E                     i1l1095:
  1426                           
  1427                           ;fisico.c: 65:                 CCPR1L = (ADRESH>>1)+124;;fisico.c: 66:                 A
      +                          DCON0bits.CHS = 1;
  1428  019E  3009               	movlw	9
  1429  019F  00F0               	movwf	??_numresets
  1430  01A0  0870               	movf	??_numresets,w
  1431  01A1  00F1               	movwf	numresets@tmr0resets
  1432                           
  1433                           ;fisico.c: 67:                 break;
  1434  01A2  29E1               	goto	i1l96
  1435  01A3                     i1l1097:
  1436  01A3  30A1               	movlw	161
  1437  01A4  0272               	subwf	numresets@potbang,w
  1438  01A5  1C03               	skipc
  1439  01A6  29A8               	goto	u50_21
  1440  01A7  29A9               	goto	u50_20
  1441  01A8                     u50_21:
  1442  01A8  29B4               	goto	i1l1103
  1443  01A9                     u50_20:
  1444  01A9                     i1l1099:
  1445  01A9  30B5               	movlw	181
  1446  01AA  0272               	subwf	numresets@potbang,w
  1447  01AB  1803               	skipnc
  1448  01AC  29AE               	goto	u51_21
  1449  01AD  29AF               	goto	u51_20
  1450  01AE                     u51_21:
  1451  01AE  29B4               	goto	i1l1103
  1452  01AF                     u51_20:
  1453  01AF                     i1l1101:
  1454                           
  1455                           ;fisico.c: 69:             case 1:;fisico.c: 70:                 CCPR2L = (ADRESH>>1)+12
      +                          4;
  1456  01AF  300A               	movlw	10
  1457  01B0  00F0               	movwf	??_numresets
  1458  01B1  0870               	movf	??_numresets,w
  1459  01B2  00F1               	movwf	numresets@tmr0resets
  1460                           
  1461                           ;fisico.c: 71:                 ADCON0bits.CHS = 2;
  1462  01B3  29E1               	goto	i1l96
  1463  01B4                     i1l1103:
  1464  01B4  30B5               	movlw	181
  1465  01B5  0272               	subwf	numresets@potbang,w
  1466  01B6  1C03               	skipc
  1467  01B7  29B9               	goto	u52_21
  1468  01B8  29BA               	goto	u52_20
  1469  01B9                     u52_21:
  1470  01B9  29C5               	goto	i1l1109
  1471  01BA                     u52_20:
  1472  01BA                     i1l1105:
  1473  01BA  30C9               	movlw	201
  1474  01BB  0272               	subwf	numresets@potbang,w
  1475  01BC  1803               	skipnc
  1476  01BD  29BF               	goto	u53_21
  1477  01BE  29C0               	goto	u53_20
  1478  01BF                     u53_21:
  1479  01BF  29C5               	goto	i1l1109
  1480  01C0                     u53_20:
  1481  01C0                     i1l1107:
  1482                           
  1483                           ;fisico.c: 73: ;fisico.c: 74:             case 2:
  1484  01C0  300B               	movlw	11
  1485  01C1  00F0               	movwf	??_numresets
  1486  01C2  0870               	movf	??_numresets,w
  1487  01C3  00F1               	movwf	numresets@tmr0resets
  1488                           
  1489                           ;fisico.c: 75:                 potbang0 = numresets(ADRESH>>1);
  1490  01C4  29E1               	goto	i1l96
  1491  01C5                     i1l1109:
  1492  01C5  30C9               	movlw	201
  1493  01C6  0272               	subwf	numresets@potbang,w
  1494  01C7  1C03               	skipc
  1495  01C8  29CA               	goto	u54_21
  1496  01C9  29CB               	goto	u54_20
  1497  01CA                     u54_21:
  1498  01CA  29D6               	goto	i1l1115
  1499  01CB                     u54_20:
  1500  01CB                     i1l1111:
  1501  01CB  30DD               	movlw	221
  1502  01CC  0272               	subwf	numresets@potbang,w
  1503  01CD  1803               	skipnc
  1504  01CE  29D0               	goto	u55_21
  1505  01CF  29D1               	goto	u55_20
  1506  01D0                     u55_21:
  1507  01D0  29D6               	goto	i1l1115
  1508  01D1                     u55_20:
  1509  01D1                     i1l1113:
  1510                           
  1511                           ;fisico.c: 77:                 PORTB = ADRESH;;fisico.c: 78:                 break;
  1512  01D1  300C               	movlw	12
  1513  01D2  00F0               	movwf	??_numresets
  1514  01D3  0870               	movf	??_numresets,w
  1515  01D4  00F1               	movwf	numresets@tmr0resets
  1516                           
  1517                           ;fisico.c: 79: 
  1518  01D5  29E1               	goto	i1l96
  1519  01D6                     i1l1115:
  1520  01D6  30DD               	movlw	221
  1521  01D7  0272               	subwf	numresets@potbang,w
  1522  01D8  1C03               	skipc
  1523  01D9  29DB               	goto	u56_21
  1524  01DA  29DC               	goto	u56_20
  1525  01DB                     u56_21:
  1526  01DB  29E1               	goto	i1l112
  1527  01DC                     u56_20:
  1528  01DC                     i1l1117:
  1529                           
  1530                           ;fisico.c: 81:                 potbang1 = numresets(ADRESH>>1);;fisico.c: 82:           
      +                                ADCON0bits.CHS = 4;
  1531  01DC  300D               	movlw	13
  1532  01DD  00F0               	movwf	??_numresets
  1533  01DE  0870               	movf	??_numresets,w
  1534  01DF  00F1               	movwf	numresets@tmr0resets
  1535  01E0  29E1               	goto	i1l96
  1536  01E1                     i1l112:
  1537  01E1                     i1l96:
  1538                           
  1539                           ;fisico.c: 84: 
  1540  01E1  0871               	movf	numresets@tmr0resets,w
  1541  01E2                     i1l118:
  1542  01E2  0008               	return
  1543  01E3                     __end_of_numresets:
  1544  007E                     btemp	set	126	;btemp
  1545  007E                     wtemp0	set	126
  1546                           
  1547                           	psect	config
  1548                           
  1549                           ;Config register CONFIG1 @ 0x2007
  1550                           ;	Oscillator Selection bits
  1551                           ;	FOSC = INTRC_NOCLKOUT, INTOSCIO oscillator: I/O function on RA6/OSC2/CLKOUT pin, I/O f
      +                          unction on RA7/OSC1/CLKIN
  1552                           ;	Watchdog Timer Enable bit
  1553                           ;	WDTE = OFF, WDT disabled and can be enabled by SWDTEN bit of the WDTCON register
  1554                           ;	Power-up Timer Enable bit
  1555                           ;	PWRTE = OFF, PWRT disabled
  1556                           ;	RE3/MCLR pin function select bit
  1557                           ;	MCLRE = OFF, RE3/MCLR pin function is digital input, MCLR internally tied to VDD
  1558                           ;	Code Protection bit
  1559                           ;	CP = OFF, Program memory code protection is disabled
  1560                           ;	Data Code Protection bit
  1561                           ;	CPD = OFF, Data memory code protection is disabled
  1562                           ;	Brown Out Reset Selection bits
  1563                           ;	BOREN = OFF, BOR disabled
  1564                           ;	Internal External Switchover bit
  1565                           ;	IESO = OFF, Internal/External Switchover mode is disabled
  1566                           ;	Fail-Safe Clock Monitor Enabled bit
  1567                           ;	FCMEN = OFF, Fail-Safe Clock Monitor is disabled
  1568                           ;	Low Voltage Programming Enable bit
  1569                           ;	LVP = OFF, RB3 pin has digital I/O, HV on MCLR must be used for programming
  1570                           ;	In-Circuit Debugger Mode bit
  1571                           ;	DEBUG = 0x1, unprogrammed default
  1572  2007                     	org	8199
  1573  2007  20D4               	dw	8404
  1574                           
  1575                           ;Config register CONFIG2 @ 0x2008
  1576                           ;	Brown-out Reset Selection bit
  1577                           ;	BOR4V = BOR40V, Brown-out Reset set to 4.0V
  1578                           ;	Flash Program Memory Self Write Enable bits
  1579                           ;	WRT = OFF, Write protection off
  1580  2008                     	org	8200
  1581  2008  3FFF               	dw	16383

Data Sizes:
    Strings     0
    Constant    0
    Data        0
    BSS         12
    Persistent  0
    Stack       0

Auto Spaces:
    Space          Size  Autos    Used
    COMMON           14      9      14
    BANK0            80      1       8
    BANK1            80      0       0
    BANK3            96      0       0
    BANK2            96      0       0

Pointer List with Targets:

    None.

Critical Paths under _main in COMMON

    None.

Critical Paths under _isr in COMMON

    _isr->_numresets

Critical Paths under _main in BANK0

    None.

Critical Paths under _isr in BANK0

    None.

Critical Paths under _main in BANK1

    None.

Critical Paths under _isr in BANK1

    None.

Critical Paths under _main in BANK3

    None.

Critical Paths under _isr in BANK3

    None.

Critical Paths under _main in BANK2

    None.

Critical Paths under _isr in BANK2

    None.

Call Graph Tables:

 ---------------------------------------------------------------------------------
 (Depth) Function   	        Calls       Base Space   Used Autos Params    Refs
 ---------------------------------------------------------------------------------
 (0) _main                                                 1     1      0       0
                                              0 BANK0      1     1      0
 ---------------------------------------------------------------------------------
 Estimated maximum stack depth 0
 ---------------------------------------------------------------------------------
 (Depth) Function   	        Calls       Base Space   Used Autos Params    Refs
 ---------------------------------------------------------------------------------
 (1) _isr                                                  6     6      0     518
                                              3 COMMON     6     6      0
                          _numresets
 ---------------------------------------------------------------------------------
 (2) _numresets                                            3     3      0     518
                                              0 COMMON     3     3      0
 ---------------------------------------------------------------------------------
 Estimated maximum stack depth 2
 ---------------------------------------------------------------------------------

 Call Graph Graphs:

 _main (ROOT)

 _isr (ROOT)
   _numresets

 Address spaces:
Name               Size   Autos  Total    Cost      Usage
BITCOMMON            E      0       0       0        0.0%
EEDATA             100      0       0       0        0.0%
NULL                 0      0       0       0        0.0%
CODE                 0      0       0       0        0.0%
COMMON               E      9       E       1      100.0%
BITSFR0              0      0       0       1        0.0%
SFR0                 0      0       0       1        0.0%
BITSFR1              0      0       0       2        0.0%
SFR1                 0      0       0       2        0.0%
STACK                0      0       0       2        0.0%
ABS                  0      0      16       3        0.0%
BITBANK0            50      0       0       4        0.0%
BITSFR3              0      0       0       4        0.0%
SFR3                 0      0       0       4        0.0%
BANK0               50      1       8       5       10.0%
BITSFR2              0      0       0       5        0.0%
SFR2                 0      0       0       5        0.0%
BITBANK1            50      0       0       6        0.0%
BANK1               50      0       0       7        0.0%
BITBANK3            60      0       0       8        0.0%
BANK3               60      0       0       9        0.0%
BITBANK2            60      0       0      10        0.0%
BANK2               60      0       0      11        0.0%
DATA                 0      0      16      12        0.0%


Microchip Technology PIC Macro Assembler V2.31 build 20201012212115 
Symbol Table                                                                                   Fri Jun 04 11:58:23 2021

                    l150 0268                      l151 0268                      l147 0252  
                    l149 0256                      _PR2 0092                      u680 0256  
                    u681 0255                      u697 021A                      _isr 0023  
                    fsr0 0004                     l1301 022E                     l1221 01E3  
                   l1311 023D                     l1303 0231                     l1231 01ED  
                   l1223 01E7                     l1321 0247                     l1313 023E  
                   l1305 0237                     l1241 01F5                     l1233 01EE  
                   l1225 01E8                     l1331 024E                     l1323 0249  
                   l1315 0240                     l1307 0239                     l1251 01FD  
                   l1243 01F6                     l1235 01EF                     l1227 01EB  
                   l1333 024F                     l1325 024B                     l1317 0244  
                   l1309 023A                     l1261 0202                     l1253 01FE  
                   l1245 01F7                     l1237 01F0                     l1229 01EC  
                   l1335 0251                     l1327 024C                     l1319 0245  
                   l1271 0207                     l1263 0203                     l1255 01FF  
                   l1247 01F8                     l1239 01F1                     l1329 024D  
                   l1281 0211                     l1273 0208                     l1265 0204  
                   l1257 0200                     l1249 01FA                     l1291 0220  
                   l1283 0212                     l1275 0209                     l1267 0205  
                   l1259 0201                     l1293 0222                     l1285 0213  
                   l1277 020D                     l1269 0206                     l1295 0226  
                   l1287 0216                     l1279 020E                     l1297 022A  
                   l1289 021D                     l1299 022C                     _ADIF 0066  
                   ?_isr 0070                     i1l96 01E1                     _TMR0 0001  
                   _main 01E3                     btemp 007E                     start 000E  
                  ??_isr 0073                    ?_main 0070                    i1l112 01E1  
                  i1l118 01E2                    i1l142 0117                    i1l137 00E6  
                  i1l138 00EF                    i1l139 00F8                    u40_20 0154  
                  u40_21 0153                    u41_20 015A                    u41_21 0159  
                  _TMR1H 000F                    _TMR1L 000E                    u50_20 01A9  
                  u42_20 0165                    u50_21 01A8                    u42_21 0164  
                  u51_20 01AF                    u43_20 016B                    u35_20 0127  
                  u51_21 01AE                    u43_21 016A                    u35_21 0126  
                  _PORTA 0005                    _PORTB 0006                    _PORTC 0007  
                  _PORTD 0008                    _PORTE 0009                    u52_20 01BA  
                  u44_20 0176                    u36_20 0132                    u60_20 00C8  
                  u52_21 01B9                    u44_21 0175                    u36_21 0131  
                  u60_21 00C7                    u53_20 01C0                    u45_20 017C  
                  u37_20 0138                    u61_20 00D1                    u53_21 01BF  
                  u45_21 017B                    u37_21 0137                    u61_21 00D0  
                  u54_20 01CB                    u46_20 0187                    u38_20 0143  
                  u62_20 00DA                    u54_21 01CA                    u46_21 0186  
                  u38_21 0142                    u62_21 00D9                    u70_27 00AD  
                  u55_20 01D1                    u47_20 018D                    u39_20 0149  
                  u63_20 00E2                    u55_21 01D0                    u47_21 018C  
                  u39_21 0148                    u63_21 00E1                    u56_20 01DC  
                  u48_20 0198                    u64_20 00EB                    u56_21 01DB  
                  u48_21 0197                    u64_21 00EA                    u49_20 019E  
                  u65_20 00F4                    u57_20 0029                    u49_21 019D  
                  u65_21 00F3                    u57_21 0028                    _TRISA 0085  
                  _TRISB 0086                    _TRISC 0087                    _TRISD 0088  
                  _TRISE 0089                    u66_20 00FD                    u58_20 00B7  
                  u66_21 00FC                    u58_21 00B6                    u67_20 0106  
                  u59_20 00BF                    u67_21 0105                    u59_21 00BE  
                  pclath 000A                    status 0003                    wtemp0 007E  
        __initialization 0011             __end_of_main 026C                   ??_main 0027  
                 _ADRESH 001E                   _CCPR1L 0015                   _CCPR2L 001B  
                 _ANSELH 0189                   i1l1101 01AF                   i1l1111 01CB  
                 i1l1103 01B4                   i1l1113 01D1                   i1l1105 01BA  
                 i1l1201 010C                   i1l1121 0023                   i1l1115 01D6  
                 i1l1107 01C0                   i1l1051 0121                   i1l1211 0114  
                 i1l1203 010E                   i1l1131 004C                   i1l1117 01DC  
                 i1l1109 01C5                   i1l1061 013D                   i1l1053 0127  
                 i1l1213 0115                   i1l1205 0110                   i1l1141 0074  
                 i1l1133 0052                   i1l1125 002A                   i1l1071 015A  
                 i1l1063 0143                   i1l1055 012C                   i1l1215 0116  
                 i1l1207 0112                   i1l1143 007B                   i1l1135 0055  
                 i1l1127 0035                   i1l1151 00AB                   i1l1081 0176  
                 i1l1073 015F                   i1l1065 0149                   i1l1057 0132  
                 i1l1209 0113                   i1l1161 00BF                   i1l1153 00AF  
                 i1l1145 0087                   i1l1137 0061                   i1l1129 0040  
                 i1l1091 0192                   i1l1083 017C                   i1l1075 0165  
                 i1l1067 014E                   i1l1059 0138                   i1l1171 00CB  
                 i1l1163 00C0                   i1l1155 00B2                   i1l1139 0068  
                 i1l1093 0198                   i1l1085 0181                   i1l1077 016B  
                 i1l1069 0154                   i1l1181 00DB                   i1l1173 00D1  
                 i1l1165 00C2                   i1l1149 008C                   i1l1157 00B3  
                 i1l1095 019E                   i1l1087 0187                   i1l1079 0170  
                 i1l1191 00FD                   i1l1183 00DD                   i1l1175 00D2  
                 i1l1167 00C8                   i1l1159 00B7                   i1l1097 01A3  
                 i1l1089 018D                   i1l1193 0101                   i1l1185 00E2  
                 i1l1177 00D4                   i1l1169 00C9                   i1l1099 01A9  
                 i1l1187 00EB                   i1l1179 00DA                   i1l1195 0102  
                 i1l1197 0106                   i1l1189 00F4                   i1l1357 0097  
                 i1l1199 010A                   saved_w 007E  __end_of__initialization 001F  
         __pcstackCOMMON 0070      numresets@tmr0resets 0071           _OPTION_REGbits 0081  
             __pbssBANK0 0020               __pmaintext 01E3               __pintentry 0004  
     __size_of_numresets 00C3                _ANSELbits 0188                  __ptext1 0023  
                __ptext2 0120                _T1CONbits 0010                _T2CONbits 0012  
           __size_of_isr 00FD     end_of_initialization 001F        __end_of_numresets 01E3  
              _PORTDbits 0008                _TRISCbits 0087              _CCP1CONbits 0017  
            _CCP2CONbits 001D      start_initialization 0011              __end_of_isr 0120  
            __pbssCOMMON 0079                ___latbits 0002            __pcstackBANK0 0027  
      interrupt_function 0004                 _PIE1bits 008C                 _PIR1bits 000C  
              _numresets 0120               _ADCON0bits 001F               _ADCON1bits 009F  
       numresets@potbang 0072               ?_numresets 0070                 _habcont0 0023  
               _habcont1 0022                 _habcont2 0021                 _habcont3 0020  
               _contpot0 0079                 _contpot1 0026                 _contpot2 0025  
               _contpot3 0024            __size_of_main 0089                 _potbang0 007D  
               _potbang1 007C                 _potbang2 007B                 _potbang3 007A  
             _INTCONbits 000B                 intlevel1 0000               _OSCCONbits 008F  
            ??_numresets 0070  
